POST /api/pusher/auth 500 2334 - 2.624 ms 03/Oct/2018:08:11:21 +0000 1.1
POST /api/pusher/auth 500 2334 - 3.107 ms 03/Oct/2018:08:12:12 +0000 1.1
POST /api/pusher/auth 500 2334 - 2.402 ms 03/Oct/2018:08:13:24 +0000 1.1
POST /api/pusher/auth 500 2334 - 2.884 ms 03/Oct/2018:08:15:43 +0000 1.1
POST /api/pusher/auth 500 2334 - 0.690 ms 03/Oct/2018:08:15:55 +0000 1.1
POST /api/pusher/auth 500 2334 - 5.345 ms 03/Oct/2018:08:19:29 +0000 1.1
POST /api/pusher/auth 500 2334 - 0.730 ms 03/Oct/2018:08:19:30 +0000 1.1
POST /api/pusher/auth 500 2334 - 0.676 ms 03/Oct/2018:08:21:51 +0000 1.1
POST /api/pusher/auth 500 2334 - 1.691 ms 03/Oct/2018:08:21:52 +0000 1.1
POST /api/pusher/auth 500 2334 - 3.237 ms 03/Oct/2018:08:23:32 +0000 1.1
POST /api/pusher/auth 500 2334 - 0.749 ms 03/Oct/2018:08:23:33 +0000 1.1
POST /api/pusher/auth 500 2341 - 2.295 ms 03/Oct/2018:08:28:29 +0000 1.1
POST /api/pusher/auth 500 2341 - 0.828 ms 03/Oct/2018:08:28:31 +0000 1.1
POST /api/pusher/auth 500 2341 - 0.665 ms 03/Oct/2018:08:29:14 +0000 1.1
POST /api/pusher/auth 500 2341 - 0.559 ms 03/Oct/2018:08:29:15 +0000 1.1
POST /api/pusher/auth 500 2341 - 2.328 ms 03/Oct/2018:08:33:51 +0000 1.1
POST /api/pusher/auth 500 2341 - 1.019 ms 03/Oct/2018:08:33:52 +0000 1.1
POST /api/pusher/auth 500 2333 - 2.895 ms 03/Oct/2018:08:40:32 +0000 1.1
POST /api/pusher/auth 500 2333 - 0.573 ms 03/Oct/2018:08:40:44 +0000 1.1
POST /api/pusher/auth 500 2333 - 0.757 ms 03/Oct/2018:08:41:21 +0000 1.1
POST /api/pusher/auth 500 2333 - 0.578 ms 03/Oct/2018:08:41:56 +0000 1.1
POST /api/pusher/auth 500 2341 - 3.237 ms 03/Oct/2018:08:44:00 +0000 1.1
POST /api/pusher/auth 500 2341 - 0.663 ms 03/Oct/2018:08:44:26 +0000 1.1
POST /api/pusher/auth 500 2341 - 2.619 ms 03/Oct/2018:08:45:46 +0000 1.1
POST /api/pusher/auth 500 2341 - 0.620 ms 03/Oct/2018:08:45:47 +0000 1.1
POST /api/pusher/auth 200 96 - 2.300 ms 03/Oct/2018:09:00:38 +0000 1.1
POST /api/pusher/auth 200 96 - 0.336 ms 03/Oct/2018:09:00:41 +0000 1.1
POST /api/pusher/auth 200 96 - 0.317 ms 03/Oct/2018:09:00:42 +0000 1.1
POST /api/pusher/auth 200 96 - 0.289 ms 03/Oct/2018:09:00:42 +0000 1.1
POST /api/pusher/auth 200 96 - 0.235 ms 03/Oct/2018:09:00:52 +0000 1.1
POST /api/pusher/auth 200 96 - 0.155 ms 03/Oct/2018:09:04:24 +0000 1.1
POST /api/pusher/auth 200 96 - 0.189 ms 03/Oct/2018:09:06:18 +0000 1.1
POST /api/pusher/auth 200 96 - 0.181 ms 03/Oct/2018:09:07:56 +0000 1.1
POST /api/pusher/auth 200 96 - 0.172 ms 03/Oct/2018:09:07:58 +0000 1.1
POST /api/pusher/auth 200 96 - 0.165 ms 03/Oct/2018:09:09:08 +0000 1.1
POST /api/pusher/auth 200 96 - 0.170 ms 03/Oct/2018:09:09:08 +0000 1.1
POST /api/pusher/auth 200 96 - 0.186 ms 03/Oct/2018:09:09:08 +0000 1.1
POST /api/pusher/auth 200 96 - 0.169 ms 03/Oct/2018:09:09:11 +0000 1.1
POST /api/pusher/auth 200 96 - 0.196 ms 03/Oct/2018:09:09:26 +0000 1.1
POST /api/pusher/auth 200 96 - 0.167 ms 03/Oct/2018:09:21:46 +0000 1.1
POST /api/pusher/auth 200 96 - 0.166 ms 03/Oct/2018:09:24:10 +0000 1.1
POST /api/pusher/auth 200 96 - 0.162 ms 03/Oct/2018:09:24:14 +0000 1.1
POST /api/pusher/auth 200 96 - 0.198 ms 03/Oct/2018:09:43:40 +0000 1.1
POST /api/pusher/auth 200 96 - 0.156 ms 03/Oct/2018:09:44:01 +0000 1.1
POST /api/pusher/auth 200 96 - 0.260 ms 03/Oct/2018:09:44:45 +0000 1.1
POST /api/pusher/auth 200 96 - 0.231 ms 03/Oct/2018:09:45:47 +0000 1.1
POST /api/pusher/auth 200 96 - 0.161 ms 03/Oct/2018:09:46:08 +0000 1.1
POST /api/pusher/auth 200 96 - 0.193 ms 03/Oct/2018:09:46:57 +0000 1.1
POST /api/pusher/auth 200 96 - 0.198 ms 03/Oct/2018:09:48:17 +0000 1.1
POST /api/pusher/auth 200 96 - 0.159 ms 03/Oct/2018:09:48:18 +0000 1.1
POST /api/pusher/auth 200 96 - 0.198 ms 03/Oct/2018:09:49:42 +0000 1.1
POST /api/pusher/auth 200 96 - 0.162 ms 03/Oct/2018:09:50:38 +0000 1.1
POST /api/pusher/auth 200 96 - 0.188 ms 03/Oct/2018:09:50:38 +0000 1.1
POST /api/pusher/auth 200 96 - 0.182 ms 03/Oct/2018:09:51:37 +0000 1.1
POST /api/pusher/auth 200 96 - 0.193 ms 03/Oct/2018:09:51:38 +0000 1.1
POST /api/pusher/auth 200 96 - 0.222 ms 03/Oct/2018:09:51:46 +0000 1.1
POST /api/pusher/auth 200 96 - 0.232 ms 03/Oct/2018:09:55:49 +0000 1.1
POST /api/pusher/auth 200 96 - 2.135 ms 03/Oct/2018:10:10:48 +0000 1.1
POST /api/pusher/auth 200 96 - 3.782 ms 03/Oct/2018:10:17:02 +0000 1.1
POST /api/pusher/auth 200 96 - 0.301 ms 03/Oct/2018:10:17:02 +0000 1.1
POST /api/pusher/auth 200 96 - 2.281 ms 03/Oct/2018:10:17:49 +0000 1.1
POST /api/pusher/auth 200 96 - 0.559 ms 03/Oct/2018:10:17:50 +0000 1.1
POST /api/pusher/auth 200 96 - 0.265 ms 03/Oct/2018:10:20:46 +0000 1.1
POST /api/pusher/auth 200 96 - 0.172 ms 03/Oct/2018:10:22:28 +0000 1.1
POST /api/pusher/auth 200 96 - 0.274 ms 03/Oct/2018:10:22:31 +0000 1.1
POST /api/pusher/auth 200 96 - 0.170 ms 03/Oct/2018:10:23:58 +0000 1.1
POST /api/pusher/auth 200 96 - 0.174 ms 03/Oct/2018:10:24:00 +0000 1.1
POST /api/pusher/auth 404 155 - 1.936 ms 03/Oct/2018:10:28:47 +0000 1.1
GET /socket.io/?EIO=3&transport=polling&t=MOwNPR3 404 149 - 2.397 ms 03/Oct/2018:14:38:23 +0000 1.1
GET /socket.io/?EIO=3&transport=polling&t=MOwNQ2w 404 149 - 0.263 ms 03/Oct/2018:14:38:26 +0000 1.1
GET /socket.io/?EIO=3&transport=polling&t=MOwNQpr 404 149 - 0.198 ms 03/Oct/2018:14:38:29 +0000 1.1
GET /socket.io/?EIO=3&transport=polling&t=MOwNS21 404 149 - 0.254 ms 03/Oct/2018:14:38:34 +0000 1.1
GET /socket.io/?EIO=3&transport=polling&t=MOwNSz1 404 149 - 0.293 ms 03/Oct/2018:14:38:38 +0000 1.1
GET /socket.io/?EIO=3&transport=polling&t=MOwNTKZ 404 149 - 0.264 ms 03/Oct/2018:14:38:39 +0000 1.1
GET /socket.io/?EIO=3&transport=polling&t=MOwNTmG 404 149 - 0.129 ms 03/Oct/2018:14:38:41 +0000 1.1
GET /socket.io/?EIO=3&transport=polling&t=MOwNUim 404 149 - 0.171 ms 03/Oct/2018:14:38:45 +0000 1.1
GET /socket.io/?EIO=3&transport=polling&t=MOwNVx5 404 149 - 0.122 ms 03/Oct/2018:14:38:50 +0000 1.1
GET /socket.io/?EIO=3&transport=polling&t=MOwNX9P 404 149 - 0.162 ms 03/Oct/2018:14:38:55 +0000 1.1
GET /favicon.ico 404 150 - 1.987 ms 04/Oct/2018:07:56:16 +0000 1.1
GET /api/doctor 404 149 - 3.499 ms 05/Oct/2018:15:14:40 +0000 1.1
GET /api/patient 404 150 - 0.510 ms 05/Oct/2018:15:14:40 +0000 1.1
GET /api/auth 200 2 - 4.600 ms 23/Oct/2018:14:42:34 +0000 1.1
GET /favicon.ico 404 150 - 1.469 ms 23/Oct/2018:14:42:34 +0000 1.1
GET /api/auth 404 147 - 3.434 ms 23/Oct/2018:14:51:36 +0000 1.1
GET /api/auth 404 147 - 0.780 ms 23/Oct/2018:14:51:44 +0000 1.1
GET /api/auth 404 147 - 3.217 ms 23/Oct/2018:14:53:20 +0000 1.1
GET /api/auth 404 147 - 0.574 ms 23/Oct/2018:14:53:22 +0000 1.1
GET /api/auth 200 5 - 3.037 ms 23/Oct/2018:14:54:35 +0000 1.1
GET /api/auth 200 2 - 4.978 ms 23/Oct/2018:14:57:35 +0000 1.1
GET /api/auth 304 - - 0.881 ms 23/Oct/2018:14:57:45 +0000 1.1
GET /api/auth 200 2 - 0.649 ms 23/Oct/2018:14:57:47 +0000 1.1
GET /api/auth 200 0 - 4.742 ms 23/Oct/2018:14:58:10 +0000 1.1
GET /api/auth 200 6 - 5.553 ms 23/Oct/2018:14:59:15 +0000 1.1
GET /api/auth 401 6 - 5.081 ms 23/Oct/2018:15:00:12 +0000 1.1
GET /api/auth 401 6 - 0.675 ms 23/Oct/2018:15:00:23 +0000 1.1
GET /api/auth 401 6 - 0.489 ms 23/Oct/2018:15:00:39 +0000 1.1
GET /api/auth 401 6 - 0.451 ms 23/Oct/2018:15:00:53 +0000 1.1
GET /api/auth 401 6 - 4.718 ms 23/Oct/2018:15:01:09 +0000 1.1
GET /api/auth 401 6 - 0.773 ms 23/Oct/2018:15:01:10 +0000 1.1
GET /api/auth 401 6 - 0.570 ms 23/Oct/2018:15:01:11 +0000 1.1
GET /api/auth 401 6 - 0.550 ms 23/Oct/2018:15:01:11 +0000 1.1
GET /api/auth 401 6 - 0.539 ms 23/Oct/2018:15:01:11 +0000 1.1
GET /api/auth 401 6 - 0.507 ms 23/Oct/2018:15:01:11 +0000 1.1
GET /api/auth 401 6 - 0.438 ms 23/Oct/2018:15:01:11 +0000 1.1
GET /api/auth 401 6 - 0.431 ms 23/Oct/2018:15:01:12 +0000 1.1
GET /api/auth 401 6 - 0.422 ms 23/Oct/2018:15:01:12 +0000 1.1
GET /api/auth 401 6 - 0.511 ms 23/Oct/2018:15:01:13 +0000 1.1
GET /api/auth 401 6 - 0.441 ms 23/Oct/2018:15:01:13 +0000 1.1
GET /api/auth 401 6 - 0.493 ms 23/Oct/2018:15:01:13 +0000 1.1
GET /api/auth 401 6 - 0.523 ms 23/Oct/2018:15:01:13 +0000 1.1
GET /api/auth 401 6 - 0.529 ms 23/Oct/2018:15:01:13 +0000 1.1
GET /api/auth 401 6 - 0.493 ms 23/Oct/2018:15:01:14 +0000 1.1
GET /api/auth 401 6 - 0.451 ms 23/Oct/2018:15:01:14 +0000 1.1
GET /api/auth 401 6 - 0.506 ms 23/Oct/2018:15:01:15 +0000 1.1
GET /api/auth 401 6 - 0.453 ms 23/Oct/2018:15:01:15 +0000 1.1
GET /api/auth 401 6 - 0.468 ms 23/Oct/2018:15:01:15 +0000 1.1
GET /api/auth 401 6 - 0.516 ms 23/Oct/2018:15:01:15 +0000 1.1
GET /api/auth 401 6 - 0.489 ms 23/Oct/2018:15:01:16 +0000 1.1
GET /api/auth 401 6 - 0.595 ms 23/Oct/2018:15:01:16 +0000 1.1
GET /api/auth 401 6 - 2.085 ms 23/Oct/2018:15:01:16 +0000 1.1
GET /api/auth 401 6 - 0.686 ms 23/Oct/2018:15:01:18 +0000 1.1
GET /api/auth 401 6 - 1.124 ms 23/Oct/2018:15:01:19 +0000 1.1
GET /api/auth 401 6 - 0.592 ms 23/Oct/2018:15:01:19 +0000 1.1
GET /api/auth 401 6 - 0.489 ms 23/Oct/2018:15:01:20 +0000 1.1
GET /api/auth 401 6 - 0.540 ms 23/Oct/2018:15:01:21 +0000 1.1
GET /api/auth 401 6 - 0.548 ms 23/Oct/2018:15:01:21 +0000 1.1
GET /api/auth 401 6 - 0.480 ms 23/Oct/2018:15:01:21 +0000 1.1
GET /api/auth 401 6 - 0.510 ms 23/Oct/2018:15:01:21 +0000 1.1
GET /api/auth 401 6 - 0.494 ms 23/Oct/2018:15:01:22 +0000 1.1
GET /api/auth 401 6 - 0.514 ms 23/Oct/2018:15:01:22 +0000 1.1
GET /api/auth 401 6 - 0.491 ms 23/Oct/2018:15:01:22 +0000 1.1
GET /api/auth 401 6 - 0.512 ms 23/Oct/2018:15:01:22 +0000 1.1
GET /api/auth 401 6 - 1.285 ms 23/Oct/2018:15:01:23 +0000 1.1
GET /api/auth 401 6 - 0.537 ms 23/Oct/2018:15:01:23 +0000 1.1
GET /api/auth 401 6 - 0.559 ms 23/Oct/2018:15:01:23 +0000 1.1
GET /api/auth 401 6 - 0.589 ms 23/Oct/2018:15:01:23 +0000 1.1
GET /api/auth 401 6 - 0.554 ms 23/Oct/2018:15:01:23 +0000 1.1
GET /api/auth 401 6 - 0.520 ms 23/Oct/2018:15:01:24 +0000 1.1
GET /api/auth 401 6 - 0.503 ms 23/Oct/2018:15:01:24 +0000 1.1
GET /api/auth 401 6 - 0.422 ms 23/Oct/2018:15:01:24 +0000 1.1
GET /api/auth 401 6 - 0.462 ms 23/Oct/2018:15:01:24 +0000 1.1
GET /api/auth 401 6 - 0.476 ms 23/Oct/2018:15:01:24 +0000 1.1
GET /api/auth 401 6 - 0.423 ms 23/Oct/2018:15:01:25 +0000 1.1
GET /api/auth 401 6 - 0.486 ms 23/Oct/2018:15:01:25 +0000 1.1
GET /api/auth 401 6 - 0.498 ms 23/Oct/2018:15:01:25 +0000 1.1
GET /api/auth 401 6 - 0.586 ms 23/Oct/2018:15:01:25 +0000 1.1
GET /api/auth 401 6 - 0.517 ms 23/Oct/2018:15:01:25 +0000 1.1
GET /api/auth 401 6 - 0.496 ms 23/Oct/2018:15:01:26 +0000 1.1
GET /api/auth 401 6 - 0.529 ms 23/Oct/2018:15:01:26 +0000 1.1
GET /api/auth 401 6 - 0.493 ms 23/Oct/2018:15:01:26 +0000 1.1
GET /api/auth 401 6 - 0.612 ms 23/Oct/2018:15:01:26 +0000 1.1
GET /api/auth 401 6 - 0.529 ms 23/Oct/2018:15:01:26 +0000 1.1
GET /api/auth 401 6 - 1.316 ms 23/Oct/2018:15:01:27 +0000 1.1
GET /api/auth 401 6 - 1.567 ms 23/Oct/2018:15:01:29 +0000 1.1
GET /api/auth 401 6 - 1.388 ms 23/Oct/2018:15:01:29 +0000 1.1
GET /api/auth 401 6 - 0.479 ms 23/Oct/2018:15:01:30 +0000 1.1
GET /api/auth 401 6 - 0.593 ms 23/Oct/2018:15:01:30 +0000 1.1
GET /api/auth 401 6 - 0.464 ms 23/Oct/2018:15:01:30 +0000 1.1
GET /api/auth 401 6 - 0.504 ms 23/Oct/2018:15:01:30 +0000 1.1
GET /api/auth 401 6 - 0.483 ms 23/Oct/2018:15:01:30 +0000 1.1
GET /api/auth 500 2954 - 6.202 ms 23/Oct/2018:15:29:02 +0000 1.1
GET /api/auth 500 2954 - 0.860 ms 23/Oct/2018:15:29:07 +0000 1.1
GET /api/auth 500 2954 - 0.790 ms 23/Oct/2018:15:29:12 +0000 1.1
GET /api/auth 500 2954 - 0.661 ms 23/Oct/2018:15:29:17 +0000 1.1
GET /api/auth 500 2954 - 0.521 ms 23/Oct/2018:15:29:27 +0000 1.1
GET /api/auth 500 2954 - 0.508 ms 23/Oct/2018:15:30:02 +0000 1.1
GET /api/auth 401 6 - 4.625 ms 23/Oct/2018:15:30:18 +0000 1.1
GET /api/auth 401 6 - 1.512 ms 23/Oct/2018:15:30:23 +0000 1.1
GET /api/auth 401 6 - 0.745 ms 23/Oct/2018:15:31:41 +0000 1.1
GET /api/auth 401 15 - 5.304 ms 23/Oct/2018:15:33:07 +0000 1.1
GET /api/auth 401 15 - 0.737 ms 23/Oct/2018:15:33:08 +0000 1.1
GET /api/auth 401 15 - 0.831 ms 23/Oct/2018:15:33:10 +0000 1.1
GET /api/auth 401 15 - 0.503 ms 23/Oct/2018:15:33:10 +0000 1.1
GET /api/auth 401 15 - 0.425 ms 23/Oct/2018:15:33:10 +0000 1.1
GET /favicon.ico 404 150 - 3.561 ms 24/Oct/2018:07:27:34 +0000 1.1
POST /api/auth 200 26 - 8.957 ms 26/Oct/2018:11:27:03 +0000 1.1
POST /api/auth 200 5 - 17.159 ms 26/Oct/2018:11:31:52 +0000 1.1
POST /api/auth 200 5 - 13.856 ms 26/Oct/2018:11:36:30 +0000 1.1
POST /api/auth 200 0 - 14.170 ms 26/Oct/2018:11:38:36 +0000 1.1
POST /api/auth 200 47 - 16.514 ms 26/Oct/2018:11:39:00 +0000 1.1
POST /api/auth - - - - ms 26/Oct/2018:11:52:53 +0000 1.1
POST /api/auth 500 3061 - 2.427 ms 26/Oct/2018:11:58:32 +0000 1.1
POST /api/auth - - - - ms 26/Oct/2018:12:31:27 +0000 1.1
POST /api/auth - - - - ms 26/Oct/2018:12:33:18 +0000 1.1
POST /api/auth 200 91 - 35.163 ms 26/Oct/2018:12:51:24 +0000 1.1
POST /api/auth 200 26 - 14.609 ms 26/Oct/2018:12:52:28 +0000 1.1
POST /api/auth 200 128 - 10.367 ms 26/Oct/2018:12:52:34 +0000 1.1
POST /api/auth 200 26 - 22.772 ms 26/Oct/2018:13:16:45 +0000 1.1
POST /api/auth 200 26 - 2.268 ms 26/Oct/2018:13:16:47 +0000 1.1
POST /api/auth 200 128 - 28.926 ms 26/Oct/2018:13:17:17 +0000 1.1
POST /api/auth 200 26 - 17.265 ms 26/Oct/2018:13:17:46 +0000 1.1
POST /api/auth 200 128 - 28.919 ms 26/Oct/2018:13:53:35 +0000 1.1
POST /api/auth 200 26 - 2.824 ms 26/Oct/2018:13:53:37 +0000 1.1
POST /api/auth 200 - - 13.695 ms 26/Oct/2018:14:03:57 +0000 1.1
POST /api/auth 200 - - 1.776 ms 26/Oct/2018:14:04:00 +0000 1.1
POST /api/auth 200 - - 1.348 ms 26/Oct/2018:14:04:06 +0000 1.1
POST /api/auth 200 - - 14.863 ms 26/Oct/2018:14:06:12 +0000 1.1
POST /api/auth 200 - - 13.964 ms 26/Oct/2018:14:21:25 +0000 1.1
POST /api/auth 200 128 - 30.098 ms 26/Oct/2018:14:21:52 +0000 1.1
POST /api/auth 200 26 - 18.070 ms 26/Oct/2018:14:33:19 +0000 1.1
POST /api/auth 200 128 - 10.739 ms 26/Oct/2018:14:33:25 +0000 1.1
POST /api/auth 200 26 - 1.710 ms 26/Oct/2018:14:33:26 +0000 1.1
POST /api/auth 200 26 - 1.581 ms 26/Oct/2018:14:33:27 +0000 1.1
POST /api/auth 200 26 - 1.471 ms 26/Oct/2018:14:33:27 +0000 1.1
POST /api/auth 200 26 - 1.368 ms 26/Oct/2018:14:33:27 +0000 1.1
POST /api/auth 200 26 - 27.628 ms 26/Oct/2018:15:17:14 +0000 1.1
POST /api/auth 200 26 - 2.795 ms 26/Oct/2018:15:17:20 +0000 1.1
POST /api/auth 200 26 - 18.859 ms 26/Oct/2018:15:24:02 +0000 1.1
POST /api/auth 200 26 - 24.352 ms 26/Oct/2018:15:25:54 +0000 1.1
POST /api/auth - - - - ms 26/Oct/2018:15:35:43 +0000 1.1
POST /api/auth 200 26 - 19.664 ms 26/Oct/2018:15:38:31 +0000 1.1
POST /api/auth 200 0 - 28.000 ms 26/Oct/2018:15:48:52 +0000 1.1
POST /api/auth 200 26 - 18.092 ms 26/Oct/2018:15:49:27 +0000 1.1
POST /api/auth 200 11 - 13.620 ms 26/Oct/2018:15:49:34 +0000 1.1
POST /api/auth 200 26 - 17.891 ms 26/Oct/2018:15:50:12 +0000 1.1
POST /api/auth 200 196 - 15.958 ms 26/Oct/2018:15:50:19 +0000 1.1
POST /api/auth 200 129 - 28.191 ms 26/Oct/2018:15:50:52 +0000 1.1
POST /api/auth 200 129 - 26.493 ms 26/Oct/2018:16:07:14 +0000 1.1
POST /api/pusher/auth 404 155 - 1.762 ms 29/Oct/2018:17:10:22 +0000 1.1
POST /api/pusher/auth 404 155 - 0.285 ms 29/Oct/2018:17:10:33 +0000 1.1
POST /api/pusher/auth 404 155 - 0.144 ms 29/Oct/2018:17:11:43 +0000 1.1
POST /api/pusher/auth 404 155 - 1.877 ms 29/Oct/2018:17:13:32 +0000 1.1
POST /api/pusher/auth 404 155 - 1.815 ms 29/Oct/2018:17:15:16 +0000 1.1
POST /api/auth 200 64 - 5565.584 ms 29/Oct/2018:17:16:01 +0000 1.1
POST /api/auth 200 64 - 2.720 ms 29/Oct/2018:17:16:15 +0000 1.1
POST /api/auth 200 129 - 11.591 ms 29/Oct/2018:17:16:25 +0000 1.1
POST /api/auth 200 64 - 1.557 ms 29/Oct/2018:17:16:29 +0000 1.1
POST /api/auth 200 64 - 1.717 ms 29/Oct/2018:17:16:59 +0000 1.1
POST /api/auth 200 64 - 4.813 ms 29/Oct/2018:17:17:06 +0000 1.1
POST /api/auth 200 64 - 1.756 ms 29/Oct/2018:17:17:14 +0000 1.1
POST /api/pusher/auth 404 155 - 0.728 ms 29/Oct/2018:17:17:26 +0000 1.1
POST /api/auth 200 64 - 1.528 ms 29/Oct/2018:17:17:30 +0000 1.1
POST /api/pusher/auth 404 155 - 0.129 ms 29/Oct/2018:17:18:55 +0000 1.1
POST /api/auth 200 64 - 1.543 ms 29/Oct/2018:17:18:59 +0000 1.1
POST /api/auth 200 64 - 1.618 ms 29/Oct/2018:17:19:00 +0000 1.1
POST /api/auth 200 64 - 1.741 ms 29/Oct/2018:17:19:02 +0000 1.1
POST /api/auth 200 64 - 1.516 ms 29/Oct/2018:17:19:04 +0000 1.1
POST /api/auth 200 64 - 1.515 ms 29/Oct/2018:17:19:29 +0000 1.1
POST /api/auth 200 64 - 1.673 ms 29/Oct/2018:17:19:31 +0000 1.1
POST /api/pusher/auth 404 155 - 0.123 ms 29/Oct/2018:17:19:36 +0000 1.1
POST /api/pusher/auth 404 155 - 0.100 ms 29/Oct/2018:17:20:40 +0000 1.1
POST /api/pusher/auth 404 155 - 0.098 ms 29/Oct/2018:17:20:44 +0000 1.1
POST /api/auth 200 64 - 2.054 ms 29/Oct/2018:17:20:50 +0000 1.1
POST /api/pusher/auth 404 155 - 4.562 ms 30/Oct/2018:08:28:12 +0000 1.1
GET /api/pusher/auth 404 154 - 3.865 ms 30/Oct/2018:08:28:21 +0000 1.1
GET /favicon.ico 404 150 - 0.512 ms 30/Oct/2018:08:28:21 +0000 1.1
GET /api/pusher/auth 404 154 - 0.733 ms 30/Oct/2018:08:28:58 +0000 1.1
POST /api/auth 200 64 - 26.131 ms 30/Oct/2018:08:29:31 +0000 1.1
POST /api/pusher/auth 404 155 - 0.516 ms 30/Oct/2018:08:34:49 +0000 1.1
POST /api/pusher/auth 404 155 - 0.130 ms 30/Oct/2018:08:37:27 +0000 1.1
POST /api/auth 200 64 - 4.662 ms 30/Oct/2018:08:41:00 +0000 1.1
POST /api/auth 200 64 - 3.683 ms 30/Oct/2018:08:42:22 +0000 1.1
POST /api/auth 200 64 - 4.588 ms 30/Oct/2018:08:42:23 +0000 1.1
POST /api/auth 200 64 - 3.370 ms 30/Oct/2018:08:42:33 +0000 1.1
POST /api/auth 200 64 - 3.205 ms 30/Oct/2018:08:44:09 +0000 1.1
POST /api/auth 200 64 - 3.409 ms 30/Oct/2018:08:48:03 +0000 1.1
POST /api/auth 200 64 - 2.522 ms 30/Oct/2018:08:48:38 +0000 1.1
POST /api/auth 200 64 - 2.220 ms 30/Oct/2018:08:50:30 +0000 1.1
POST /api/auth 200 64 - 20.598 ms 30/Oct/2018:11:26:49 +0000 1.1
POST /api/auth 200 64 - 21.845 ms 30/Oct/2018:11:28:54 +0000 1.1
POST /api/auth 200 64 - 6.509 ms 30/Oct/2018:11:31:52 +0000 1.1
POST /api/auth 200 64 - 4.080 ms 30/Oct/2018:11:32:25 +0000 1.1
POST /api/auth 200 64 - 2.740 ms 30/Oct/2018:11:33:51 +0000 1.1
POST /api/auth 200 64 - 3.819 ms 30/Oct/2018:11:34:10 +0000 1.1
POST /api/auth 200 64 - 2.619 ms 30/Oct/2018:11:34:45 +0000 1.1
POST /api/auth 200 64 - 2.870 ms 30/Oct/2018:11:40:09 +0000 1.1
POST /api/auth 200 64 - 2.894 ms 30/Oct/2018:11:42:20 +0000 1.1
POST /api/auth 200 64 - 3.952 ms 30/Oct/2018:11:48:14 +0000 1.1
POST /api/auth 200 64 - 2.482 ms 30/Oct/2018:11:50:17 +0000 1.1
POST /api/auth 200 64 - 2.522 ms 30/Oct/2018:11:51:10 +0000 1.1
POST /api/auth 200 64 - 4.191 ms 30/Oct/2018:11:52:23 +0000 1.1
POST /api/auth 200 64 - 2.577 ms 30/Oct/2018:11:52:39 +0000 1.1
POST /api/auth 200 64 - 2.687 ms 30/Oct/2018:11:54:54 +0000 1.1
POST /api/auth 200 64 - 19.337 ms 30/Oct/2018:12:12:12 +0000 1.1
POST /api/auth 200 64 - 5.048 ms 30/Oct/2018:12:12:54 +0000 1.1
POST /api/auth 200 64 - 1.875 ms 30/Oct/2018:12:31:32 +0000 1.1
POST /api/auth 200 64 - 1.484 ms 30/Oct/2018:12:31:52 +0000 1.1
POST /api/auth 200 64 - 19.583 ms 30/Oct/2018:12:32:19 +0000 1.1
POST /api/auth 200 64 - 22.144 ms 30/Oct/2018:12:32:28 +0000 1.1
POST /api/auth 200 64 - 2.958 ms 30/Oct/2018:12:32:29 +0000 1.1
POST /api/auth 200 64 - 3.009 ms 30/Oct/2018:12:32:36 +0000 1.1
POST /api/auth 200 64 - 18.306 ms 30/Oct/2018:12:42:27 +0000 1.1
POST /api/auth 200 64 - 18.259 ms 30/Oct/2018:12:42:46 +0000 1.1
POST /api/auth 200 64 - 4.035 ms 30/Oct/2018:12:43:00 +0000 1.1
POST /api/auth 200 64 - 1.825 ms 30/Oct/2018:12:43:14 +0000 1.1
POST /api/auth 200 64 - 2.019 ms 30/Oct/2018:12:43:25 +0000 1.1
POST /api/auth 200 84 - 27.762 ms 30/Oct/2018:12:43:42 +0000 1.1
POST /api/auth 200 84 - 5.849 ms 30/Oct/2018:12:43:50 +0000 1.1
POST /api/auth 200 84 - 3.097 ms 30/Oct/2018:12:44:03 +0000 1.1
POST /api/auth 200 84 - 3.803 ms 30/Oct/2018:12:45:18 +0000 1.1
POST /api/auth 200 84 - 30.146 ms 30/Oct/2018:12:46:13 +0000 1.1
POST /api/auth 200 84 - 6.108 ms 30/Oct/2018:12:47:14 +0000 1.1
POST /api/auth 200 84 - 3.717 ms 30/Oct/2018:12:47:40 +0000 1.1
POST /api/auth 200 84 - 3.472 ms 30/Oct/2018:12:48:28 +0000 1.1
POST /api/auth 200 84 - 27.112 ms 30/Oct/2018:12:48:39 +0000 1.1
POST /api/auth 200 84 - 5.440 ms 30/Oct/2018:12:49:02 +0000 1.1
POST /api/auth 200 84 - 3.220 ms 30/Oct/2018:12:49:21 +0000 1.1
POST /api/auth 200 129 - 4.850 ms 30/Oct/2018:12:49:59 +0000 1.1
POST /api/auth 200 129 - 30.782 ms 30/Oct/2018:12:50:36 +0000 1.1
POST /api/auth 200 64 - 25.283 ms 30/Oct/2018:12:51:10 +0000 1.1
POST /api/auth 200 64 - 3.782 ms 30/Oct/2018:12:51:17 +0000 1.1
POST /api/auth 200 64 - 2.055 ms 30/Oct/2018:12:51:23 +0000 1.1
POST /api/auth 200 64 - 1.645 ms 30/Oct/2018:12:51:36 +0000 1.1
POST /api/auth 200 129 - 10.919 ms 30/Oct/2018:12:51:41 +0000 1.1
POST /api/auth 200 64 - 2.548 ms 30/Oct/2018:12:51:53 +0000 1.1
POST /api/auth 200 64 - 16.834 ms 30/Oct/2018:13:21:43 +0000 1.1
POST /api/auth 200 129 - 12.372 ms 30/Oct/2018:13:22:06 +0000 1.1
POST /api/auth 200 64 - 21.446 ms 30/Oct/2018:13:23:06 +0000 1.1
POST /api/auth 200 129 - 13.360 ms 30/Oct/2018:13:23:14 +0000 1.1
POST /api/auth 200 64 - 22.788 ms 30/Oct/2018:13:24:40 +0000 1.1
POST /api/auth 200 64 - 3.879 ms 30/Oct/2018:13:25:09 +0000 1.1
POST /api/auth 200 64 - 1.956 ms 30/Oct/2018:13:25:51 +0000 1.1
POST /api/auth 200 113 - 13.155 ms 30/Oct/2018:13:56:46 +0000 1.1
POST /api/auth 200 64 - 3.507 ms 30/Oct/2018:13:57:02 +0000 1.1
POST /api/auth 200 64 - 1.797 ms 30/Oct/2018:13:58:03 +0000 1.1
POST /api/auth 200 64 - 1.719 ms 30/Oct/2018:16:31:37 +0000 1.1
POST /api/auth 200 64 - 1.692 ms 30/Oct/2018:16:31:41 +0000 1.1
POST /api/auth 200 115 - 3.442 ms 30/Oct/2018:16:31:55 +0000 1.1
POST /api/auth 200 64 - 20.023 ms 30/Oct/2018:16:36:54 +0000 1.1
POST /api/auth 200 74 - 12.670 ms 30/Oct/2018:16:37:03 +0000 1.1
POST /api/auth 200 64 - 1.978 ms 30/Oct/2018:16:37:13 +0000 1.1
POST /api/auth 200 64 - 2.066 ms 30/Oct/2018:16:37:51 +0000 1.1
POST /api/auth 200 64 - 1.677 ms 30/Oct/2018:16:39:04 +0000 1.1
POST /api/auth 200 64 - 1.656 ms 30/Oct/2018:16:39:11 +0000 1.1
POST /api/auth 200 64 - 1.648 ms 30/Oct/2018:16:39:16 +0000 1.1
POST /api/auth 200 64 - 1.559 ms 30/Oct/2018:16:39:17 +0000 1.1
POST /api/auth 200 64 - 1.683 ms 30/Oct/2018:16:39:17 +0000 1.1
POST /api/auth 200 64 - 1.662 ms 30/Oct/2018:16:40:56 +0000 1.1
POST /api/auth 200 64 - 2.062 ms 30/Oct/2018:16:44:08 +0000 1.1
POST /api/auth 200 64 - 1.657 ms 30/Oct/2018:16:45:02 +0000 1.1
POST /api/auth 200 64 - 1.467 ms 30/Oct/2018:16:45:30 +0000 1.1
POST /api/auth 200 74 - 3.114 ms 30/Oct/2018:16:45:34 +0000 1.1
POST /api/auth 200 64 - 24.119 ms 30/Oct/2018:16:46:08 +0000 1.1
POST /api/auth 201 74 - 15.913 ms 30/Oct/2018:16:46:14 +0000 1.1
POST /api/auth 200 64 - 2.155 ms 30/Oct/2018:16:50:13 +0000 1.1
POST /api/auth 201 74 - 5.825 ms 30/Oct/2018:16:51:22 +0000 1.1
POST /api/auth 200 64 - 2.182 ms 30/Oct/2018:16:52:36 +0000 1.1
POST /api/auth 200 64 - 1.821 ms 30/Oct/2018:17:12:27 +0000 1.1
POST /api/auth 200 64 - 1.709 ms 30/Oct/2018:17:19:56 +0000 1.1
POST /api/auth 200 64 - 1.677 ms 30/Oct/2018:17:20:28 +0000 1.1
POST /api/auth 201 74 - 32.721 ms 20/Nov/2018:12:17:04 +0000 1.1
POST /api/auth 200 64 - 26.088 ms 20/Nov/2018:12:51:33 +0000 1.1
POST /api/auth 200 64 - 21.099 ms 20/Nov/2018:13:18:22 +0000 1.1
POST /api/auth 200 64 - 2.376 ms 20/Nov/2018:13:18:43 +0000 1.1
POST /api/upload_file - - - - ms 22/Nov/2018:09:25:25 +0000 1.1
POST /api/upload_file 200 17 - 5.600 ms 22/Nov/2018:09:26:00 +0000 1.1
POST /api/upload_file 200 8 - 28.939 ms 22/Nov/2018:09:27:00 +0000 1.1
POST /api/upload_file 200 8 - 1328.339 ms 22/Nov/2018:09:48:41 +0000 1.1
POST /api/upload_file 200 8 - 843.105 ms 22/Nov/2018:09:50:15 +0000 1.1
POST /api/upload_file 200 82 - 2395.548 ms 22/Nov/2018:09:59:52 +0000 1.1
POST /api/upload_file 200 100 - 1163.405 ms 22/Nov/2018:10:03:06 +0000 1.1
POST /api/upload_file - - - - ms 22/Nov/2018:10:12:14 +0000 1.1
POST /api/upload_file - - - - ms 22/Nov/2018:10:13:10 +0000 1.1
POST /api/upload_file 200 100 - 1280.090 ms 22/Nov/2018:10:13:16 +0000 1.1
POST /api/upload_file 200 98 - 580.729 ms 22/Nov/2018:10:15:15 +0000 1.1
POST /api/upload_file 200 251 - 2099.768 ms 22/Nov/2018:10:15:47 +0000 1.1
POST /api/upload_file 200 213 - 465.630 ms 22/Nov/2018:10:36:39 +0000 1.1
POST /api/upload_file 200 213 - 234.348 ms 22/Nov/2018:10:37:32 +0000 1.1
POST /api/upload_file 200 256 - 1739.817 ms 22/Nov/2018:10:38:43 +0000 1.1
POST /api/upload_file 200 255 - 2580.456 ms 23/Nov/2018:11:11:00 +0000 1.1
POST /api/upload_file - - - - ms 23/Nov/2018:11:19:12 +0000 1.1
POST /api/upload_file 200 256 - 2333.421 ms 23/Nov/2018:11:26:23 +0000 1.1
POST /api/upload_file 200 258 - 1798.070 ms 23/Nov/2018:11:26:49 +0000 1.1
POST /api/upload_file 200 255 - 1503.122 ms 23/Nov/2018:11:29:21 +0000 1.1
POST /api/upload_file 200 255 - 1664.862 ms 23/Nov/2018:11:31:18 +0000 1.1
POST /api/upload_file 200 258 - 1814.973 ms 23/Nov/2018:11:32:56 +0000 1.1
POST /api/upload_file 200 257 - 1507.316 ms 23/Nov/2018:11:33:59 +0000 1.1
POST /api/upload_file 200 257 - 1768.454 ms 23/Nov/2018:11:36:41 +0000 1.1
POST /api/upload_file 200 255 - 1439.819 ms 23/Nov/2018:11:37:07 +0000 1.1
POST /api/upload_file 200 257 - 2936.388 ms 23/Nov/2018:12:15:39 +0000 1.1
POST /api/feedBackForm 500 3070 - 3.397 ms 26/Nov/2018:09:25:26 +0000 1.1
POST /api/feedBackForm 500 3070 - 0.429 ms 26/Nov/2018:09:28:17 +0000 1.1
POST /api/feedBackForm 500 3154 - 4.252 ms 26/Nov/2018:09:29:21 +0000 1.1
POST /api/feedBackForm 200 219 - 805.283 ms 26/Nov/2018:09:30:51 +0000 1.1
POST /api/feedBackForm 200 220 - 803.491 ms 26/Nov/2018:09:33:16 +0000 1.1
POST /api/feedBackForm 200 249 - 6736.059 ms 26/Nov/2018:09:34:36 +0000 1.1
POST /api/feedBackForm 500 3070 - 2.714 ms 26/Nov/2018:09:38:49 +0000 1.1
GET /api/feedBackForm 404 155 - 1.891 ms 26/Nov/2018:09:39:09 +0000 1.1
GET /favicon.ico 404 150 - 0.485 ms 26/Nov/2018:09:39:09 +0000 1.1
POST /api/feedBackForm 500 3070 - 0.621 ms 26/Nov/2018:09:39:42 +0000 1.1
POST /api/feedBackForm 500 3070 - 2.889 ms 26/Nov/2018:09:42:03 +0000 1.1
POST /api/feedBackForm - - - - ms 26/Nov/2018:10:13:49 +0000 1.1
POST /api/feedBackForm 200 249 - 2289.213 ms 26/Nov/2018:10:19:42 +0000 1.1
POST /api/feedBackForm 200 252 - 3125.530 ms 26/Nov/2018:10:22:31 +0000 1.1
POST /api/feedBackForm 200 250 - 2560.205 ms 26/Nov/2018:10:26:33 +0000 1.1
POST /api/feedBackForm 200 251 - 3442.122 ms 26/Nov/2018:10:31:00 +0000 1.1
POST /api/feedBackForm 200 250 - 2348.457 ms 26/Nov/2018:10:51:47 +0000 1.1
POST /api/feedBackForm 200 253 - 1921.587 ms 26/Nov/2018:10:54:59 +0000 1.1
POST /api/feedBackForm 200 250 - 2460.670 ms 26/Nov/2018:10:56:07 +0000 1.1
POST /api/feedBackForm - - - - ms 26/Nov/2018:10:59:48 +0000 1.1
POST /api/feedBackForm - - - - ms 26/Nov/2018:10:59:48 +0000 1.1
POST /api/feedBackForm - - - - ms 26/Nov/2018:10:59:48 +0000 1.1
POST /api/feedBackForm - - - - ms 26/Nov/2018:11:03:10 +0000 1.1
POST /api/feedBackForm - - - - ms 26/Nov/2018:11:04:13 +0000 1.1
POST /api/feedBackForm - - - - ms 26/Nov/2018:11:04:38 +0000 1.1
POST /api/feedBackForm - - - - ms 26/Nov/2018:11:04:50 +0000 1.1
POST /api/feedBackForm - - - - ms 26/Nov/2018:11:05:14 +0000 1.1
POST /api/feedBackForm - - - - ms 26/Nov/2018:11:05:42 +0000 1.1
POST /api/feedBackForm - - - - ms 26/Nov/2018:11:07:48 +0000 1.1
POST /api/feedBackForm - - - - ms 26/Nov/2018:11:09:13 +0000 1.1
POST /api/feedBackForm - - - - ms 26/Nov/2018:11:10:46 +0000 1.1
POST /api/feedBackForm - - - - ms 26/Nov/2018:11:10:46 +0000 1.1
POST /api/feedBackForm - - - - ms 26/Nov/2018:11:11:05 +0000 1.1
POST /api/feedBackForm - - - - ms 26/Nov/2018:11:11:26 +0000 1.1
POST /api/feedBackForm - - - - ms 26/Nov/2018:11:11:26 +0000 1.1
POST /api/feedBackForm - - - - ms 26/Nov/2018:11:12:00 +0000 1.1
POST /api/feedBackForm - - - - ms 26/Nov/2018:11:12:00 +0000 1.1
POST /api/feedBackForm - - - - ms 26/Nov/2018:11:13:56 +0000 1.1
POST /api/feedBackForm - - - - ms 26/Nov/2018:11:13:56 +0000 1.1
POST /api/feedBackForm - - - - ms 26/Nov/2018:11:14:51 +0000 1.1
POST /api/feedBackForm - - - - ms 26/Nov/2018:11:14:51 +0000 1.1
POST /api/feedBackForm - - - - ms 26/Nov/2018:11:15:02 +0000 1.1
POST /api/feedBackForm - - - - ms 26/Nov/2018:11:19:31 +0000 1.1
POST /api/feedBackForm - - - - ms 26/Nov/2018:11:20:08 +0000 1.1
POST /api/feedBackForm - - - - ms 26/Nov/2018:11:21:07 +0000 1.1
POST /api/feedBackForm - - - - ms 26/Nov/2018:11:21:07 +0000 1.1
POST /api/feedBackForm - - - - ms 26/Nov/2018:11:21:58 +0000 1.1
POST /api/feedBackForm - - - - ms 26/Nov/2018:11:21:58 +0000 1.1
POST /api/feedBackForm - - - - ms 26/Nov/2018:11:21:58 +0000 1.1
POST /api/feedBackForm - - - - ms 26/Nov/2018:11:23:27 +0000 1.1
POST /api/feedBackForm - - - - ms 26/Nov/2018:11:23:27 +0000 1.1
POST /api/feedBackForm - - - - ms 26/Nov/2018:11:24:09 +0000 1.1
POST /api/feedBackForm - - - - ms 26/Nov/2018:11:25:25 +0000 1.1
POST /api/feedBackForm - - - - ms 26/Nov/2018:11:28:10 +0000 1.1
POST /api/feedBackForm - - - - ms 26/Nov/2018:11:30:10 +0000 1.1
POST /api/feedBackForm - - - - ms 26/Nov/2018:11:33:11 +0000 1.1
POST /api/feedBackForm - - - - ms 26/Nov/2018:11:33:55 +0000 1.1
POST /api/feedBackForm - - - - ms 26/Nov/2018:11:33:55 +0000 1.1
POST /api/feedBackForm - - - - ms 26/Nov/2018:11:33:55 +0000 1.1
POST /api/feedBackForm - - - - ms 26/Nov/2018:11:33:55 +0000 1.1
POST /api/feedBackForm - - - - ms 26/Nov/2018:11:35:53 +0000 1.1
POST /api/feedBackForm - - - - ms 26/Nov/2018:11:35:53 +0000 1.1
POST /api/feedBackForm - - - - ms 26/Nov/2018:11:36:06 +0000 1.1
POST /api/feedBackForm - - - - ms 26/Nov/2018:11:36:06 +0000 1.1
POST /api/feedBackForm - - - - ms 26/Nov/2018:11:36:06 +0000 1.1
POST /api/feedBackForm - - - - ms 26/Nov/2018:11:36:06 +0000 1.1
POST /api/feedBackForm - - - - ms 26/Nov/2018:11:36:06 +0000 1.1
POST /api/feedBackForm - - - - ms 26/Nov/2018:11:36:48 +0000 1.1
POST /api/feedBackForm - - - - ms 26/Nov/2018:11:36:48 +0000 1.1
POST /api/feedBackForm - - - - ms 26/Nov/2018:11:36:48 +0000 1.1
POST /api/feedBackForm - - - - ms 26/Nov/2018:11:39:16 +0000 1.1
POST /api/feedBackForm - - - - ms 26/Nov/2018:11:39:16 +0000 1.1
POST /api/feedBackForm - - - - ms 26/Nov/2018:11:40:33 +0000 1.1
POST /api/feedBackForm - - - - ms 26/Nov/2018:11:40:33 +0000 1.1
POST /api/feedBackForm - - - - ms 26/Nov/2018:11:40:33 +0000 1.1
POST /api/feedBackForm - - - - ms 26/Nov/2018:11:40:33 +0000 1.1
POST /api/feedBackForm - - - - ms 26/Nov/2018:11:40:33 +0000 1.1
POST /api/feedBackForm - - - - ms 26/Nov/2018:11:40:33 +0000 1.1
POST /api/feedBackForm - - - - ms 26/Nov/2018:11:41:05 +0000 1.1
POST /api/feedBackForm - - - - ms 26/Nov/2018:11:41:05 +0000 1.1
POST /api/feedBackForm - - - - ms 26/Nov/2018:11:41:24 +0000 1.1
POST /api/feedBackForm - - - - ms 26/Nov/2018:11:42:21 +0000 1.1
POST /api/feedBackForm - - - - ms 26/Nov/2018:11:42:37 +0000 1.1
POST /api/feedBackForm - - - - ms 26/Nov/2018:11:43:21 +0000 1.1
POST /api/feedBackForm - - - - ms 26/Nov/2018:11:43:21 +0000 1.1
POST /api/feedBackForm - - - - ms 26/Nov/2018:11:43:21 +0000 1.1
POST /api/feedBackForm - - - - ms 26/Nov/2018:11:43:35 +0000 1.1
POST /api/feedBackForm - - - - ms 26/Nov/2018:11:43:35 +0000 1.1
POST /api/feedBackForm - - - - ms 26/Nov/2018:11:44:35 +0000 1.1
POST /api/feedBackForm - - - - ms 26/Nov/2018:11:44:46 +0000 1.1
POST /api/feedBackForm - - - - ms 26/Nov/2018:11:44:46 +0000 1.1
POST /api/feedBackForm - - - - ms 26/Nov/2018:11:44:58 +0000 1.1
POST /api/feedBackForm - - - - ms 26/Nov/2018:11:52:46 +0000 1.1
POST /api/feedBackForm - - - - ms 26/Nov/2018:11:52:51 +0000 1.1
POST /api/feedBackForm - - - - ms 26/Nov/2018:11:53:38 +0000 1.1
POST /api/feedBackForm - - - - ms 26/Nov/2018:11:53:38 +0000 1.1
POST /api/feedBackForm - - - - ms 26/Nov/2018:11:53:38 +0000 1.1
POST /api/feedBackForm - - - - ms 26/Nov/2018:11:53:38 +0000 1.1
POST /api/feedBackForm - - - - ms 26/Nov/2018:11:53:38 +0000 1.1
POST /api/feedBackForm - - - - ms 26/Nov/2018:11:55:46 +0000 1.1
POST /api/feedBackForm - - - - ms 26/Nov/2018:11:57:46 +0000 1.1
POST /api/feedBackForm - - - - ms 26/Nov/2018:11:57:55 +0000 1.1
POST /api/feedBackForm - - - - ms 26/Nov/2018:11:58:11 +0000 1.1
POST /api/feedBackForm - - - - ms 26/Nov/2018:12:00:24 +0000 1.1
POST /api/feedBackForm - - - - ms 26/Nov/2018:12:01:16 +0000 1.1
POST /api/feedBackForm - - - - ms 26/Nov/2018:12:01:39 +0000 1.1
POST /api/feedBackForm - - - - ms 26/Nov/2018:12:01:39 +0000 1.1
POST /api/feedBackForm - - - - ms 26/Nov/2018:12:03:24 +0000 1.1
POST /api/feedBackForm - - - - ms 26/Nov/2018:12:03:24 +0000 1.1
POST /api/feedBackForm - - - - ms 26/Nov/2018:12:03:24 +0000 1.1
POST /api/feedBackForm - - - - ms 26/Nov/2018:12:03:24 +0000 1.1
POST /api/feedBackForm - - - - ms 26/Nov/2018:12:03:24 +0000 1.1
POST /api/feedBackForm - - - - ms 26/Nov/2018:12:03:24 +0000 1.1
POST /api/feedBackForm - - - - ms 26/Nov/2018:12:03:24 +0000 1.1
POST /api/feedBackForm - - - - ms 26/Nov/2018:12:03:24 +0000 1.1
POST /api/feedBackForm - - - - ms 26/Nov/2018:12:05:36 +0000 1.1
POST /api/feedBackForm - - - - ms 26/Nov/2018:12:05:36 +0000 1.1
POST /api/feedBackForm - - - - ms 26/Nov/2018:12:05:37 +0000 1.1
POST /api/feedBackForm - - - - ms 26/Nov/2018:12:06:59 +0000 1.1
POST /api/feedBackForm - - - - ms 26/Nov/2018:12:07:36 +0000 1.1
POST /api/feedBackForm - - - - ms 26/Nov/2018:12:08:07 +0000 1.1
POST /api/feedBackForm - - - - ms 26/Nov/2018:12:41:54 +0000 1.1
POST /api/feedBackForm - - - - ms 26/Nov/2018:12:41:54 +0000 1.1
POST /api/feedBackForm - - - - ms 26/Nov/2018:12:41:54 +0000 1.1
POST /api/feedBackForm - - - - ms 26/Nov/2018:12:44:21 +0000 1.1
POST /api/feedBackForm - - - - ms 26/Nov/2018:12:46:58 +0000 1.1
POST /api/feedBackForm - - - - ms 26/Nov/2018:12:47:16 +0000 1.1
POST /api/feedBackForm - - - - ms 26/Nov/2018:12:47:16 +0000 1.1
POST /api/feedBackForm - - - - ms 26/Nov/2018:12:47:16 +0000 1.1
POST /api/feedBackForm - - - - ms 26/Nov/2018:12:47:16 +0000 1.1
POST /api/feedBackForm - - - - ms 26/Nov/2018:12:47:16 +0000 1.1
POST /api/feedBackForm - - - - ms 26/Nov/2018:12:47:37 +0000 1.1
POST /api/feedBackForm - - - - ms 26/Nov/2018:12:47:37 +0000 1.1
POST /api/feedBackForm - - - - ms 26/Nov/2018:12:47:37 +0000 1.1
POST /api/feedBackForm - - - - ms 26/Nov/2018:12:47:37 +0000 1.1
POST /api/feedBackForm - - - - ms 26/Nov/2018:12:47:37 +0000 1.1
POST /api/feedBackForm - - - - ms 26/Nov/2018:12:47:37 +0000 1.1
POST /api/feedBackForm - - - - ms 26/Nov/2018:12:48:24 +0000 1.1
POST /api/feedBackForm - - - - ms 26/Nov/2018:12:49:05 +0000 1.1
POST /api/feedBackForm - - - - ms 26/Nov/2018:12:49:05 +0000 1.1
POST /api/feedBackForm - - - - ms 26/Nov/2018:12:49:05 +0000 1.1
POST /api/feedBackForm - - - - ms 26/Nov/2018:12:49:34 +0000 1.1
POST /api/feedBackForm - - - - ms 26/Nov/2018:12:52:23 +0000 1.1
POST /api/feedBackForm - - - - ms 26/Nov/2018:12:52:25 +0000 1.1
POST /api/feedBackForm - - - - ms 26/Nov/2018:12:53:57 +0000 1.1
POST /api/feedBackForm - - - - ms 26/Nov/2018:12:53:57 +0000 1.1
POST /api/feedBackForm - - - - ms 26/Nov/2018:12:58:51 +0000 1.1
POST /api/feedBackForm - - - - ms 26/Nov/2018:13:00:51 +0000 1.1
POST /api/feedBackForm - - - - ms 26/Nov/2018:13:01:30 +0000 1.1
POST /api/feedBackForm - - - - ms 26/Nov/2018:13:03:42 +0000 1.1
POST /api/feedBackForm - - - - ms 26/Nov/2018:13:03:42 +0000 1.1
POST /api/feedBackForm - - - - ms 26/Nov/2018:13:03:42 +0000 1.1
POST /api/feedBackForm - - - - ms 26/Nov/2018:13:05:44 +0000 1.1
POST /api/feedBackForm - - - - ms 26/Nov/2018:13:06:03 +0000 1.1
POST /api/feedBackForm - - - - ms 26/Nov/2018:13:07:08 +0000 1.1
POST /api/feedBackForm - - - - ms 26/Nov/2018:13:07:36 +0000 1.1
POST /api/feedBackForm - - - - ms 26/Nov/2018:13:07:36 +0000 1.1
POST /api/feedBackForm - - - - ms 26/Nov/2018:13:12:01 +0000 1.1
POST /api/feedBackForm - - - - ms 26/Nov/2018:13:12:01 +0000 1.1
POST /api/feedBackForm - - - - ms 26/Nov/2018:13:12:39 +0000 1.1
POST /api/feedBackForm - - - - ms 26/Nov/2018:13:12:39 +0000 1.1
POST /api/feedBackForm - - - - ms 26/Nov/2018:13:12:39 +0000 1.1
POST /api/feedBackForm - - - - ms 26/Nov/2018:13:12:39 +0000 1.1
POST /api/feedBackForm - - - - ms 26/Nov/2018:13:12:39 +0000 1.1
POST /api/feedBackForm - - - - ms 26/Nov/2018:13:12:39 +0000 1.1
POST /api/feedBackForm - - - - ms 26/Nov/2018:13:12:39 +0000 1.1
POST /api/feedBackForm - - - - ms 26/Nov/2018:13:13:53 +0000 1.1
POST /api/feedBackForm - - - - ms 26/Nov/2018:13:13:53 +0000 1.1
POST /api/feedBackForm - - - - ms 26/Nov/2018:13:13:53 +0000 1.1
POST /api/feedBackForm - - - - ms 26/Nov/2018:13:13:53 +0000 1.1
POST /api/feedBackForm - - - - ms 26/Nov/2018:13:14:15 +0000 1.1
POST /api/feedBackForm - - - - ms 26/Nov/2018:13:14:15 +0000 1.1
POST /api/feedBackForm - - - - ms 26/Nov/2018:13:16:26 +0000 1.1
POST /api/feedBackForm - - - - ms 26/Nov/2018:13:16:32 +0000 1.1
POST /api/feedBackForm - - - - ms 26/Nov/2018:13:16:40 +0000 1.1
POST /api/feedBackForm - - - - ms 26/Nov/2018:13:16:40 +0000 1.1
POST /api/feedBackForm - - - - ms 26/Nov/2018:13:17:17 +0000 1.1
POST /api/feedBackForm - - - - ms 26/Nov/2018:13:17:17 +0000 1.1
POST /api/feedBackForm - - - - ms 26/Nov/2018:13:17:32 +0000 1.1
POST /api/feedBackForm - - - - ms 26/Nov/2018:13:18:03 +0000 1.1
POST /api/feedBackForm - - - - ms 26/Nov/2018:13:18:03 +0000 1.1
POST /api/feedBackForm - - - - ms 26/Nov/2018:13:18:38 +0000 1.1
POST /api/feedBackForm - - - - ms 26/Nov/2018:13:19:14 +0000 1.1
POST /api/feedBackForm - - - - ms 26/Nov/2018:13:19:14 +0000 1.1
POST /api/feedBackForm - - - - ms 26/Nov/2018:13:19:28 +0000 1.1
POST /api/feedBackForm - - - - ms 26/Nov/2018:13:19:28 +0000 1.1
POST /api/feedBackForm - - - - ms 26/Nov/2018:13:19:28 +0000 1.1
POST /api/feedBackForm - - - - ms 26/Nov/2018:13:20:48 +0000 1.1
POST /api/feedBackForm - - - - ms 26/Nov/2018:13:20:57 +0000 1.1
POST /api/feedBackForm - - - - ms 26/Nov/2018:13:21:51 +0000 1.1
POST /api/feedBackForm - - - - ms 26/Nov/2018:13:23:36 +0000 1.1
POST /api/feedBackForm - - - - ms 26/Nov/2018:13:25:51 +0000 1.1
POST /api/feedBackForm - - - - ms 26/Nov/2018:13:27:51 +0000 1.1
POST /api/feedBackForm - - - - ms 26/Nov/2018:14:17:16 +0000 1.1
POST /api/feedBackForm - - - - ms 26/Nov/2018:14:17:37 +0000 1.1
POST /api/feedBackForm - - - - ms 26/Nov/2018:15:05:53 +0000 1.1
POST /api/feedBackForm - - - - ms 26/Nov/2018:15:06:30 +0000 1.1
POST /api/feedBackForm - - - - ms 26/Nov/2018:15:18:41 +0000 1.1
POST /api/feedBackForm - - - - ms 26/Nov/2018:15:18:41 +0000 1.1
POST /api/feedBackForm - - - - ms 26/Nov/2018:15:18:41 +0000 1.1
POST /api/feedBackForm - - - - ms 26/Nov/2018:15:18:41 +0000 1.1
POST /api/feedBackForm - - - - ms 26/Nov/2018:15:18:41 +0000 1.1
POST /api/feedBackForm - - - - ms 26/Nov/2018:15:18:41 +0000 1.1
POST /api/feedBackForm - - - - ms 26/Nov/2018:15:26:58 +0000 1.1
POST /api/feedBackForm - - - - ms 26/Nov/2018:15:26:58 +0000 1.1
POST /api/feedBackForm - - - - ms 26/Nov/2018:15:26:58 +0000 1.1
POST /api/feedBackForm - - - - ms 26/Nov/2018:15:26:58 +0000 1.1
POST /api/feedBackForm - - - - ms 26/Nov/2018:15:26:58 +0000 1.1
POST /api/feedBackForm - - - - ms 26/Nov/2018:15:26:58 +0000 1.1
POST /api/feedBackForm - - - - ms 26/Nov/2018:15:31:19 +0000 1.1
POST /api/feedBackForm - - - - ms 26/Nov/2018:15:31:20 +0000 1.1
POST /api/feedBackForm - - - - ms 26/Nov/2018:15:31:20 +0000 1.1
POST /api/feedBackForm - - - - ms 26/Nov/2018:15:33:19 +0000 1.1
POST /api/feedBackForm - - - - ms 26/Nov/2018:15:38:55 +0000 1.1
POST /api/feedBackForm - - - - ms 26/Nov/2018:15:38:55 +0000 1.1
POST /api/feedBackForm - - - - ms 26/Nov/2018:15:38:55 +0000 1.1
POST /api/feedBackForm - - - - ms 26/Nov/2018:15:38:55 +0000 1.1
POST /api/feedBackForm - - - - ms 26/Nov/2018:15:38:55 +0000 1.1
POST /api/feedBackForm - - - - ms 26/Nov/2018:15:44:32 +0000 1.1
POST /api/feedBackForm - - - - ms 26/Nov/2018:15:44:32 +0000 1.1
POST /api/feedBackForm - - - - ms 26/Nov/2018:15:44:32 +0000 1.1
POST /api/feedBackForm - - - - ms 26/Nov/2018:15:44:32 +0000 1.1
POST /api/feedBackForm - - - - ms 26/Nov/2018:15:45:00 +0000 1.1
POST /api/feedBackForm - - - - ms 26/Nov/2018:15:45:00 +0000 1.1
POST /api/feedBackForm - - - - ms 26/Nov/2018:15:45:00 +0000 1.1
POST /api/feedBackForm - - - - ms 26/Nov/2018:15:45:00 +0000 1.1
POST /api/feedBackForm 200 249 - 2400.326 ms 26/Nov/2018:16:08:03 +0000 1.1
POST /api/feedBackForm 200 249 - 2743.886 ms 26/Nov/2018:16:08:03 +0000 1.1
POST /api/feedBackForm 200 248 - 1621.939 ms 26/Nov/2018:16:10:39 +0000 1.1
POST /api/feedBackForm 200 251 - 2011.947 ms 26/Nov/2018:16:10:40 +0000 1.1
POST /api/feedBackForm 200 252 - 2057.590 ms 26/Nov/2018:16:10:40 +0000 1.1
POST /api/feedBackForm 200 249 - 2300.926 ms 26/Nov/2018:16:10:41 +0000 1.1
POST /api/feedBackForm 200 252 - 2843.942 ms 26/Nov/2018:16:10:41 +0000 1.1
POST /api/feedBackForm 200 248 - 3082.327 ms 26/Nov/2018:16:10:41 +0000 1.1
POST /api/feedBackForm 200 248 - 2326.564 ms 26/Nov/2018:16:10:42 +0000 1.1
POST /api/feedBackForm 200 251 - 3293.526 ms 26/Nov/2018:16:10:43 +0000 1.1
POST /api/feedBackForm 200 251 - 1428.455 ms 26/Nov/2018:16:11:55 +0000 1.1
POST /api/feedBackForm 200 252 - 1858.280 ms 26/Nov/2018:16:11:55 +0000 1.1
POST /api/feedBackForm 200 249 - 1572.767 ms 26/Nov/2018:16:24:48 +0000 1.1
POST /api/feedBackForm 200 249 - 3611.244 ms 27/Nov/2018:08:38:36 +0000 1.1
POST /api/feedBackForm 200 252 - 2843.739 ms 27/Nov/2018:10:31:59 +0000 1.1
POST /api/feedBackForm 200 249 - 3346.534 ms 27/Nov/2018:10:34:18 +0000 1.1
POST /api/feedBackForm 200 251 - 4288.949 ms 27/Nov/2018:10:41:22 +0000 1.1
POST /api/feedBackForm 200 249 - 2932.581 ms 27/Nov/2018:10:42:50 +0000 1.1
POST /api/feedBackForm 200 247 - 1623.331 ms 27/Nov/2018:10:51:32 +0000 1.1
POST /api/feedBackForm 200 252 - 3182.158 ms 27/Nov/2018:10:52:30 +0000 1.1
POST /api/feedBackForm 200 251 - 1693.048 ms 27/Nov/2018:10:53:24 +0000 1.1
POST /api/feedBackForm 200 250 - 3725.002 ms 27/Nov/2018:10:55:39 +0000 1.1
POST /api/feedBackForm 200 252 - 3684.493 ms 27/Nov/2018:10:58:04 +0000 1.1
POST /api/feedBackForm 200 249 - 1950.748 ms 27/Nov/2018:11:01:20 +0000 1.1
POST /api/feedBackForm 200 250 - 2239.429 ms 27/Nov/2018:12:24:08 +0000 1.1
POST /api/upload_file 200 37 - 6.692 ms 27/Nov/2018:12:40:06 +0000 1.1
POST /api/upload_file 200 37 - 1.650 ms 27/Nov/2018:12:41:34 +0000 1.1
POST /api/upload_file 200 37 - 9.649 ms 27/Nov/2018:12:43:29 +0000 1.1
POST /api/upload_file 200 37 - 2.195 ms 27/Nov/2018:12:44:02 +0000 1.1
POST /api/upload_file 200 37 - 1.831 ms 27/Nov/2018:12:45:04 +0000 1.1
POST /api/upload_file - - - - ms 27/Nov/2018:12:48:52 +0000 1.1
POST /api/upload_file - - - - ms 27/Nov/2018:12:48:52 +0000 1.1
POST /api/upload_file - - - - ms 27/Nov/2018:12:48:52 +0000 1.1
POST /api/upload_file - - - - ms 27/Nov/2018:12:48:52 +0000 1.1
POST /api/upload_file - - - - ms 27/Nov/2018:12:48:52 +0000 1.1
POST /api/upload_file 200 252 - 3089.432 ms 27/Nov/2018:12:49:05 +0000 1.1
POST /api/upload_file - - - - ms 27/Nov/2018:12:50:56 +0000 1.1
POST /api/upload_file - - - - ms 27/Nov/2018:12:50:56 +0000 1.1
POST /api/upload_file - - - - ms 27/Nov/2018:12:50:56 +0000 1.1
POST /api/upload_file - - - - ms 27/Nov/2018:12:50:56 +0000 1.1
POST /api/upload_file 200 250 - 2050.523 ms 27/Nov/2018:12:51:14 +0000 1.1
POST /api/upload_file - - - - ms 27/Nov/2018:12:51:49 +0000 1.1
POST /api/upload_file 200 252 - 1667.946 ms 27/Nov/2018:12:53:10 +0000 1.1
POST /api/feedBackForm 200 251 - 2229.166 ms 27/Nov/2018:12:53:23 +0000 1.1
POST /api/upload_file 200 251 - 4625.913 ms 27/Nov/2018:12:55:14 +0000 1.1
POST /api/upload_file 200 252 - 7527.632 ms 27/Nov/2018:12:55:56 +0000 1.1
POST /api/upload_file - - - - ms 27/Nov/2018:12:57:55 +0000 1.1
POST /api/upload_file 200 252 - 21330.773 ms 27/Nov/2018:12:58:53 +0000 1.1
POST /api/upload_file 200 252 - 8186.425 ms 27/Nov/2018:13:00:15 +0000 1.1
POST /api/upload_file - - - - ms 27/Nov/2018:13:02:41 +0000 1.1
POST /api/upload_file - - - - ms 27/Nov/2018:13:04:08 +0000 1.1
POST /api/upload_file - - - - ms 27/Nov/2018:13:04:35 +0000 1.1
POST /api/upload_file - - - - ms 27/Nov/2018:13:05:03 +0000 1.1
POST /api/upload_file 200 37 - 3.432 ms 27/Nov/2018:13:05:20 +0000 1.1
POST /api/upload_file 200 37 - 10.078 ms 27/Nov/2018:13:06:40 +0000 1.1
POST /api/upload_file 200 249 - 17374.920 ms 27/Nov/2018:13:10:27 +0000 1.1
POST /api/upload_file 200 250 - 17183.177 ms 27/Nov/2018:13:11:49 +0000 1.1
POST /api/auth 201 74 - 16.739 ms 27/Nov/2018:15:32:03 +0000 1.1
POST /api/auth 200 64 - 3.151 ms 27/Nov/2018:16:21:48 +0000 1.1
POST /api/upload_file 200 37 - 10.197 ms 28/Nov/2018:17:03:38 +0000 1.1
POST /api/upload_file 200 253 - 3186.403 ms 28/Nov/2018:17:05:43 +0000 1.1
POST /api/feedBackForm 200 251 - 2233.102 ms 29/Nov/2018:08:32:47 +0000 1.1
POST /api/feedBackForm 200 252 - 1771.231 ms 29/Nov/2018:08:33:05 +0000 1.1
POST /api/upload_file - - - - ms 29/Nov/2018:08:37:59 +0000 1.1
POST /api/upload_file - - - - ms 29/Nov/2018:09:21:47 +0000 1.1
POST /api/upload_file - - - - ms 29/Nov/2018:09:21:47 +0000 1.1
POST /api/upload_file - - - - ms 29/Nov/2018:09:21:47 +0000 1.1
POST /api/upload_file - - - - ms 29/Nov/2018:09:21:47 +0000 1.1
POST /api/upload_file - - - - ms 29/Nov/2018:09:21:47 +0000 1.1
POST /api/upload_file - - - - ms 29/Nov/2018:09:21:47 +0000 1.1
POST /api/upload_file 200 223 - 8524.234 ms 05/Feb/2019:15:15:03 +0000 1.1
POST /api/feedBackForm 200 220 - 585.375 ms 05/Feb/2019:15:36:09 +0000 1.1
POST /api/feedBackForm 200 234 - 795.279 ms 05/Feb/2019:15:45:13 +0000 1.1
POST /api/feedBackForm 200 234 - 503.875 ms 05/Feb/2019:16:14:19 +0000 1.1
POST /api/feedBackForm 200 142 - 2227.896 ms 05/Feb/2019:16:37:54 +0000 1.1
POST /api/upload_file 200 117 - 16.321 ms 19/Feb/2019:10:10:36 +0000 1.1
POST /api/upload_file - - - - ms 19/Feb/2019:10:15:48 +0000 1.1
POST /api/upload_file 200 116 - 1.400 ms 19/Feb/2019:10:18:21 +0000 1.1
POST /api/upload_file 200 116 - 12.662 ms 19/Feb/2019:10:28:28 +0000 1.1
POST /api/upload_file 200 116 - 14.029 ms 19/Feb/2019:10:34:15 +0000 1.1
POST /api/upload_file 200 142 - 1092.332 ms 19/Feb/2019:10:35:20 +0000 1.1
POST /api/upload_file 200 142 - 162.163 ms 19/Feb/2019:10:38:52 +0000 1.1
POST /api/upload_file 200 117 - 2.730 ms 19/Feb/2019:10:39:36 +0000 1.1
POST /api/upload_file 200 142 - 181.835 ms 19/Feb/2019:10:40:35 +0000 1.1
POST /api/upload_file 200 142 - 174.551 ms 19/Feb/2019:10:55:33 +0000 1.1
POST /api/upload_file 200 142 - 130.002 ms 19/Feb/2019:11:11:31 +0000 1.1
POST /api/upload_file 200 142 - 333.919 ms 19/Feb/2019:11:42:00 +0000 1.1
POST /api/upload_file 200 142 - 170.041 ms 19/Feb/2019:12:02:46 +0000 1.1
POST /api/upload_file 200 142 - 277.557 ms 19/Feb/2019:12:11:24 +0000 1.1
POST /api/upload_file 200 142 - 200.052 ms 19/Feb/2019:12:26:08 +0000 1.1
POST /api/upload_file 200 142 - 119.721 ms 19/Feb/2019:12:26:54 +0000 1.1
POST /api/upload_file 200 142 - 280.574 ms 19/Feb/2019:12:30:49 +0000 1.1
POST /api/feedBackForm 200 142 - 200.376 ms 19/Feb/2019:12:32:19 +0000 1.1
POST /api/upload_file 200 142 - 343.142 ms 19/Feb/2019:12:41:32 +0000 1.1
POST /api/upload_file 200 142 - 386.261 ms 19/Feb/2019:13:23:36 +0000 1.1
POST /api/upload_file 200 142 - 251.517 ms 19/Feb/2019:13:36:53 +0000 1.1
POST /api/upload_file 200 142 - 328.988 ms 19/Feb/2019:14:04:27 +0000 1.1
POST /api/upload_file 200 142 - 154.831 ms 19/Feb/2019:14:05:55 +0000 1.1
POST /api/upload_file 200 114 - 36.976 ms 19/Feb/2019:14:22:56 +0000 1.1
POST /api/upload_file 200 105 - 632.892 ms 19/Feb/2019:14:27:45 +0000 1.1
POST /api/upload_file 200 105 - 557.833 ms 19/Feb/2019:14:29:01 +0000 1.1
POST /api/upload_file 200 221 - 1148.924 ms 19/Feb/2019:14:29:40 +0000 1.1
POST /api/upload_file 200 221 - 1291.518 ms 19/Feb/2019:14:43:00 +0000 1.1
POST /api/upload_file 200 221 - 1572.813 ms 19/Feb/2019:15:24:52 +0000 1.1
POST /api/upload_file 200 221 - 1299.511 ms 19/Feb/2019:15:31:07 +0000 1.1
POST /api/upload_file 200 221 - 1171.671 ms 19/Feb/2019:15:41:15 +0000 1.1
POST /api/upload_file 200 221 - 1710.127 ms 19/Feb/2019:15:45:22 +0000 1.1
POST /api/upload_file 200 221 - 1408.581 ms 19/Feb/2019:16:20:30 +0000 1.1
POST /api/upload_file 200 221 - 1660.549 ms 19/Feb/2019:16:25:47 +0000 1.1
POST /api/upload_file 200 221 - 2210.507 ms 19/Feb/2019:16:31:41 +0000 1.1
POST /api/upload_file 200 221 - 1216.035 ms 19/Feb/2019:16:34:28 +0000 1.1
POST /api/upload_file 200 221 - 1173.986 ms 19/Feb/2019:16:41:06 +0000 1.1
POST /api/upload_file 200 221 - 1300.258 ms 19/Feb/2019:16:47:29 +0000 1.1
POST /api/upload_file 200 221 - 1186.168 ms 19/Feb/2019:16:50:51 +0000 1.1
POST /api/upload_file 200 221 - 1168.470 ms 19/Feb/2019:16:57:51 +0000 1.1
POST /api/upload_file 200 221 - 2027.015 ms 19/Feb/2019:17:05:47 +0000 1.1
POST /api/upload_file 200 221 - 1214.043 ms 19/Feb/2019:17:06:25 +0000 1.1
POST /api/upload_file 200 221 - 1355.242 ms 20/Feb/2019:08:41:59 +0000 1.1
POST /api/feedBackForm 200 142 - 126.412 ms 20/Feb/2019:09:25:59 +0000 1.1
POST /api/feedBackForm 200 142 - 1251.119 ms 20/Feb/2019:09:43:38 +0000 1.1
POST /api/upload_file 200 221 - 1160.382 ms 20/Feb/2019:10:38:25 +0000 1.1
POST /api/upload_file 200 221 - 1518.114 ms 20/Feb/2019:10:42:32 +0000 1.1
POST /api/upload_file 200 221 - 1196.500 ms 20/Feb/2019:10:44:37 +0000 1.1
POST /api/upload_file 200 221 - 1829.033 ms 25/Feb/2019:13:52:47 +0000 1.1
POST /api/upload_file 200 221 - 1241.324 ms 25/Feb/2019:15:42:26 +0000 1.1
POST /api/upload_file 200 221 - 1879.021 ms 25/Feb/2019:16:31:48 +0000 1.1
POST /api/upload_file 200 221 - 1699.282 ms 27/Feb/2019:12:55:07 +0000 1.1
POST /api/upload_file 200 221 - 1316.555 ms 27/Feb/2019:12:55:29 +0000 1.1
POST /api/upload_file 200 221 - 2001.912 ms 27/Feb/2019:13:12:21 +0000 1.1
POST /api/upload_file 200 221 - 1731.322 ms 27/Feb/2019:13:13:21 +0000 1.1
POST /api/upload_file 200 221 - 1883.217 ms 27/Feb/2019:13:20:08 +0000 1.1
POST /api/upload_file 200 221 - 1792.193 ms 27/Feb/2019:13:36:43 +0000 1.1
POST /api/upload_file 200 568 - 3085.418 ms 28/Feb/2019:10:22:06 +0000 1.1
POST /api/upload_file 200 248 - 16794.578 ms 28/Feb/2019:10:44:45 +0000 1.1
POST /api/upload_file 200 248 - 1613.885 ms 28/Feb/2019:10:46:03 +0000 1.1
POST /api/upload_file 200 221 - 1740.750 ms 28/Feb/2019:11:30:04 +0000 1.1
POST /api/upload_file 200 221 - 1233.782 ms 28/Feb/2019:11:33:06 +0000 1.1
GET /api 200 8 - 3.960 ms 28/Feb/2019:14:30:43 +0000 1.1
GET /favicon.ico 404 150 - 1.049 ms 28/Feb/2019:14:30:43 +0000 1.1
GET /api 304 - - 4.435 ms 28/Feb/2019:14:36:47 +0000 1.1
GET /api 304 - - 3.876 ms 28/Feb/2019:14:40:51 +0000 1.1
GET /api 404 234 - 4.753 ms 18/Mar/2019:15:01:32 +0000 1.1
GET / 404 234 - 0.894 ms 18/Mar/2019:15:02:18 +0000 1.1
GET /api 404 234 - 0.683 ms 18/Mar/2019:15:02:27 +0000 1.1
GET /api 200 157 - 4.449 ms 18/Mar/2019:15:04:52 +0000 1.1
GET /api/ 200 157 - 1.042 ms 18/Mar/2019:15:05:34 +0000 1.1
POST /api/upload_file - - - - ms 18/Mar/2019:15:07:24 +0000 1.1
POST /api/upload_file 200 101 - 7.558 ms 18/Mar/2019:15:07:28 +0000 1.1
POST /api/upload_file 200 116 - 2.285 ms 18/Mar/2019:15:08:29 +0000 1.1
POST /api/upload_file 200 117 - 2.540 ms 18/Mar/2019:15:08:42 +0000 1.1
POST /api/upload_file 200 116 - 1.874 ms 18/Mar/2019:15:09:27 +0000 1.1
POST /api/upload_file - - - - ms 18/Mar/2019:15:09:47 +0000 1.1
POST /api/file_upload 404 155 - 1.188 ms 18/Mar/2019:15:16:54 +0000 1.1
POST /api/upload_file 200 101 - 1.874 ms 18/Mar/2019:15:17:24 +0000 1.1
POST /api/upload_file 200 101 - 1.077 ms 18/Mar/2019:15:18:22 +0000 1.1
POST /api/upload_file 200 101 - 9.192 ms 18/Mar/2019:15:21:41 +0000 1.1
POST /api/upload_file 200 221 - 2135.638 ms 18/Mar/2019:15:23:43 +0000 1.1
GET /api/uploads/1552922621173.png 200 157 - 2.751 ms 18/Mar/2019:15:25:36 +0000 1.1
GET /favicon.ico 200 157 - 0.741 ms 18/Mar/2019:15:25:37 +0000 1.1
GET /1552922621173.png 200 999879 - 0.594 ms 18/Mar/2019:15:25:52 +0000 1.1
GET /favicon.ico 304 - - 0.865 ms 18/Mar/2019:15:25:52 +0000 1.1
