Error: Invalid login: 535-5.7.8 Username and Password not accepted. Learn more at
535 5.7.8  https://support.google.com/mail/?p=BadCredentials j12-v6sm3312702ljh.66 - gsmtp
535 5.7.8  https://support.google.com/mail/?p=BadCredentials j12-v6sm3312702ljh.66 - gsmtp
    at SMTPConnection._formatError (/home/alex/Documents/company-main-site/node_modules/smtp-connection/lib/smtp-connection.js:528:15)
    at SMTPConnection._actionAUTHComplete (/home/alex/Documents/company-main-site/node_modules/smtp-connection/lib/smtp-connection.js:1231:30)
    at SMTPConnection.<anonymous> (/home/alex/Documents/company-main-site/node_modules/smtp-connection/lib/smtp-connection.js:319:22)
    at SMTPConnection._processResponse (/home/alex/Documents/company-main-site/node_modules/smtp-connection/lib/smtp-connection.js:669:16)
    at SMTPConnection._onData (/home/alex/Documents/company-main-site/node_modules/smtp-connection/lib/smtp-connection.js:493:10)
    at emitOne (events.js:116:13)
    at TLSSocket.emit (events.js:211:7)
    at addChunk (_stream_readable.js:263:12)
    at readableAddChunk (_stream_readable.js:250:11)
    at TLSSocket.Readable.push (_stream_readable.js:208:10)
    at TLSWrap.onread (net.js:601:20)
Error: Invalid login: 535 5.7.0 Authentication failed. Please, check your login and password
    at SMTPConnection._formatError (/home/alex/Documents/company-main-site/node_modules/smtp-connection/lib/smtp-connection.js:528:15)
    at SMTPConnection._actionAUTHComplete (/home/alex/Documents/company-main-site/node_modules/smtp-connection/lib/smtp-connection.js:1231:30)
    at SMTPConnection.<anonymous> (/home/alex/Documents/company-main-site/node_modules/smtp-connection/lib/smtp-connection.js:319:22)
    at SMTPConnection._processResponse (/home/alex/Documents/company-main-site/node_modules/smtp-connection/lib/smtp-connection.js:669:16)
    at SMTPConnection._onData (/home/alex/Documents/company-main-site/node_modules/smtp-connection/lib/smtp-connection.js:493:10)
    at emitOne (events.js:116:13)
    at TLSSocket.emit (events.js:211:7)
    at addChunk (_stream_readable.js:263:12)
    at readableAddChunk (_stream_readable.js:250:11)
    at TLSSocket.Readable.push (_stream_readable.js:208:10)
    at TLSWrap.onread (net.js:601:20)
Error: Invalid login: 535 5.7.0 Authentication failed. Please, check your login and password
    at SMTPConnection._formatError (/home/alex/Documents/company-main-site/node_modules/smtp-connection/lib/smtp-connection.js:528:15)
    at SMTPConnection._actionAUTHComplete (/home/alex/Documents/company-main-site/node_modules/smtp-connection/lib/smtp-connection.js:1231:30)
    at SMTPConnection.<anonymous> (/home/alex/Documents/company-main-site/node_modules/smtp-connection/lib/smtp-connection.js:319:22)
    at SMTPConnection._processResponse (/home/alex/Documents/company-main-site/node_modules/smtp-connection/lib/smtp-connection.js:669:16)
    at SMTPConnection._onData (/home/alex/Documents/company-main-site/node_modules/smtp-connection/lib/smtp-connection.js:493:10)
    at emitOne (events.js:116:13)
    at TLSSocket.emit (events.js:211:7)
    at addChunk (_stream_readable.js:263:12)
    at readableAddChunk (_stream_readable.js:250:11)
    at TLSSocket.Readable.push (_stream_readable.js:208:10)
    at TLSWrap.onread (net.js:601:20)
Error: Invalid login: 535 5.7.0 Authentication failed. Please, check your login and password
    at SMTPConnection._formatError (/home/alex/Documents/company-main-site/node_modules/smtp-connection/lib/smtp-connection.js:528:15)
    at SMTPConnection._actionAUTHComplete (/home/alex/Documents/company-main-site/node_modules/smtp-connection/lib/smtp-connection.js:1231:30)
    at SMTPConnection.<anonymous> (/home/alex/Documents/company-main-site/node_modules/smtp-connection/lib/smtp-connection.js:319:22)
    at SMTPConnection._processResponse (/home/alex/Documents/company-main-site/node_modules/smtp-connection/lib/smtp-connection.js:669:16)
    at SMTPConnection._onData (/home/alex/Documents/company-main-site/node_modules/smtp-connection/lib/smtp-connection.js:493:10)
    at emitOne (events.js:116:13)
    at TLSSocket.emit (events.js:211:7)
    at addChunk (_stream_readable.js:263:12)
    at readableAddChunk (_stream_readable.js:250:11)
    at TLSSocket.Readable.push (_stream_readable.js:208:10)
    at TLSWrap.onread (net.js:601:20)
Error: Invalid login: 535 5.7.0 Authentication failed. Please, check your login and password
    at SMTPConnection._formatError (/home/alex/Documents/company-main-site/node_modules/smtp-connection/lib/smtp-connection.js:528:15)
    at SMTPConnection._actionAUTHComplete (/home/alex/Documents/company-main-site/node_modules/smtp-connection/lib/smtp-connection.js:1231:30)
    at SMTPConnection.<anonymous> (/home/alex/Documents/company-main-site/node_modules/smtp-connection/lib/smtp-connection.js:319:22)
    at SMTPConnection._processResponse (/home/alex/Documents/company-main-site/node_modules/smtp-connection/lib/smtp-connection.js:669:16)
    at SMTPConnection._onData (/home/alex/Documents/company-main-site/node_modules/smtp-connection/lib/smtp-connection.js:493:10)
    at emitOne (events.js:116:13)
    at TLSSocket.emit (events.js:211:7)
    at addChunk (_stream_readable.js:263:12)
    at readableAddChunk (_stream_readable.js:250:11)
    at TLSSocket.Readable.push (_stream_readable.js:208:10)
    at TLSWrap.onread (net.js:601:20)
Error: Invalid login: 535 5.7.0 Authentication failed. Please, check your login and password
    at SMTPConnection._formatError (/home/alex/Documents/company-main-site/node_modules/smtp-connection/lib/smtp-connection.js:528:15)
    at SMTPConnection._actionAUTHComplete (/home/alex/Documents/company-main-site/node_modules/smtp-connection/lib/smtp-connection.js:1231:30)
    at SMTPConnection.<anonymous> (/home/alex/Documents/company-main-site/node_modules/smtp-connection/lib/smtp-connection.js:319:22)
    at SMTPConnection._processResponse (/home/alex/Documents/company-main-site/node_modules/smtp-connection/lib/smtp-connection.js:669:16)
    at SMTPConnection._onData (/home/alex/Documents/company-main-site/node_modules/smtp-connection/lib/smtp-connection.js:493:10)
    at emitOne (events.js:116:13)
    at TLSSocket.emit (events.js:211:7)
    at addChunk (_stream_readable.js:263:12)
    at readableAddChunk (_stream_readable.js:250:11)
    at TLSSocket.Readable.push (_stream_readable.js:208:10)
    at TLSWrap.onread (net.js:601:20)
Error: Invalid login: 535 5.7.0 Authentication failed. Please, check your login and password
    at SMTPConnection._formatError (/home/alex/Documents/company-main-site/node_modules/smtp-connection/lib/smtp-connection.js:528:15)
    at SMTPConnection._actionAUTHComplete (/home/alex/Documents/company-main-site/node_modules/smtp-connection/lib/smtp-connection.js:1231:30)
    at SMTPConnection.<anonymous> (/home/alex/Documents/company-main-site/node_modules/smtp-connection/lib/smtp-connection.js:319:22)
    at SMTPConnection._processResponse (/home/alex/Documents/company-main-site/node_modules/smtp-connection/lib/smtp-connection.js:669:16)
    at SMTPConnection._onData (/home/alex/Documents/company-main-site/node_modules/smtp-connection/lib/smtp-connection.js:493:10)
    at emitOne (events.js:116:13)
    at TLSSocket.emit (events.js:211:7)
    at addChunk (_stream_readable.js:263:12)
    at readableAddChunk (_stream_readable.js:250:11)
    at TLSSocket.Readable.push (_stream_readable.js:208:10)
    at TLSWrap.onread (net.js:601:20)
Error: Invalid login: 535 5.7.0 Authentication failed. Please, check your login and password
    at SMTPConnection._formatError (/home/alex/Documents/company-main-site/node_modules/smtp-connection/lib/smtp-connection.js:528:15)
    at SMTPConnection._actionAUTHComplete (/home/alex/Documents/company-main-site/node_modules/smtp-connection/lib/smtp-connection.js:1231:30)
    at SMTPConnection.<anonymous> (/home/alex/Documents/company-main-site/node_modules/smtp-connection/lib/smtp-connection.js:319:22)
    at SMTPConnection._processResponse (/home/alex/Documents/company-main-site/node_modules/smtp-connection/lib/smtp-connection.js:669:16)
    at SMTPConnection._onData (/home/alex/Documents/company-main-site/node_modules/smtp-connection/lib/smtp-connection.js:493:10)
    at emitOne (events.js:116:13)
    at TLSSocket.emit (events.js:211:7)
    at addChunk (_stream_readable.js:263:12)
    at readableAddChunk (_stream_readable.js:250:11)
    at TLSSocket.Readable.push (_stream_readable.js:208:10)
    at TLSWrap.onread (net.js:601:20)
Error: Invalid login: 535 5.7.0 Authentication failed. Please, check your login and password
    at SMTPConnection._formatError (/home/alex/Documents/company-main-site/node_modules/smtp-connection/lib/smtp-connection.js:528:15)
    at SMTPConnection._actionAUTHComplete (/home/alex/Documents/company-main-site/node_modules/smtp-connection/lib/smtp-connection.js:1231:30)
    at SMTPConnection.<anonymous> (/home/alex/Documents/company-main-site/node_modules/smtp-connection/lib/smtp-connection.js:319:22)
    at SMTPConnection._processResponse (/home/alex/Documents/company-main-site/node_modules/smtp-connection/lib/smtp-connection.js:669:16)
    at SMTPConnection._onData (/home/alex/Documents/company-main-site/node_modules/smtp-connection/lib/smtp-connection.js:493:10)
    at emitOne (events.js:116:13)
    at TLSSocket.emit (events.js:211:7)
    at addChunk (_stream_readable.js:263:12)
    at readableAddChunk (_stream_readable.js:250:11)
    at TLSSocket.Readable.push (_stream_readable.js:208:10)
    at TLSWrap.onread (net.js:601:20)
Error: Invalid login: 535 5.7.0 Authentication failed. Please, check your login and password
    at SMTPConnection._formatError (/home/alex/Documents/company-main-site/node_modules/smtp-connection/lib/smtp-connection.js:528:15)
    at SMTPConnection._actionAUTHComplete (/home/alex/Documents/company-main-site/node_modules/smtp-connection/lib/smtp-connection.js:1231:30)
    at SMTPConnection.<anonymous> (/home/alex/Documents/company-main-site/node_modules/smtp-connection/lib/smtp-connection.js:319:22)
    at SMTPConnection._processResponse (/home/alex/Documents/company-main-site/node_modules/smtp-connection/lib/smtp-connection.js:669:16)
    at SMTPConnection._onData (/home/alex/Documents/company-main-site/node_modules/smtp-connection/lib/smtp-connection.js:493:10)
    at emitOne (events.js:116:13)
    at TLSSocket.emit (events.js:211:7)
    at addChunk (_stream_readable.js:263:12)
    at readableAddChunk (_stream_readable.js:250:11)
    at TLSSocket.Readable.push (_stream_readable.js:208:10)
    at TLSWrap.onread (net.js:601:20)
Error: Invalid login: 535 5.7.0 Authentication failed. Please, check your login and password
    at SMTPConnection._formatError (/home/alex/Documents/company-main-site/node_modules/smtp-connection/lib/smtp-connection.js:528:15)
    at SMTPConnection._actionAUTHComplete (/home/alex/Documents/company-main-site/node_modules/smtp-connection/lib/smtp-connection.js:1231:30)
    at SMTPConnection.<anonymous> (/home/alex/Documents/company-main-site/node_modules/smtp-connection/lib/smtp-connection.js:319:22)
    at SMTPConnection._processResponse (/home/alex/Documents/company-main-site/node_modules/smtp-connection/lib/smtp-connection.js:669:16)
    at SMTPConnection._onData (/home/alex/Documents/company-main-site/node_modules/smtp-connection/lib/smtp-connection.js:493:10)
    at emitOne (events.js:116:13)
    at TLSSocket.emit (events.js:211:7)
    at addChunk (_stream_readable.js:263:12)
    at readableAddChunk (_stream_readable.js:250:11)
    at TLSSocket.Readable.push (_stream_readable.js:208:10)
    at TLSWrap.onread (net.js:601:20)
Error: Invalid login: 535 5.7.0 Authentication failed. Please, check your login and password
    at SMTPConnection._formatError (/home/alex/Documents/company-main-site/node_modules/smtp-connection/lib/smtp-connection.js:528:15)
    at SMTPConnection._actionAUTHComplete (/home/alex/Documents/company-main-site/node_modules/smtp-connection/lib/smtp-connection.js:1231:30)
    at SMTPConnection.<anonymous> (/home/alex/Documents/company-main-site/node_modules/smtp-connection/lib/smtp-connection.js:319:22)
    at SMTPConnection._processResponse (/home/alex/Documents/company-main-site/node_modules/smtp-connection/lib/smtp-connection.js:669:16)
    at SMTPConnection._onData (/home/alex/Documents/company-main-site/node_modules/smtp-connection/lib/smtp-connection.js:493:10)
    at emitOne (events.js:116:13)
    at TLSSocket.emit (events.js:211:7)
    at addChunk (_stream_readable.js:263:12)
    at readableAddChunk (_stream_readable.js:250:11)
    at TLSSocket.Readable.push (_stream_readable.js:208:10)
    at TLSWrap.onread (net.js:601:20)
Error: Invalid login: 535 5.7.0 Authentication failed. Please, check your login and password
    at SMTPConnection._formatError (/home/alex/Documents/company-main-site/node_modules/smtp-connection/lib/smtp-connection.js:528:15)
    at SMTPConnection._actionAUTHComplete (/home/alex/Documents/company-main-site/node_modules/smtp-connection/lib/smtp-connection.js:1231:30)
    at SMTPConnection.<anonymous> (/home/alex/Documents/company-main-site/node_modules/smtp-connection/lib/smtp-connection.js:319:22)
    at SMTPConnection._processResponse (/home/alex/Documents/company-main-site/node_modules/smtp-connection/lib/smtp-connection.js:669:16)
    at SMTPConnection._onData (/home/alex/Documents/company-main-site/node_modules/smtp-connection/lib/smtp-connection.js:493:10)
    at emitOne (events.js:116:13)
    at TLSSocket.emit (events.js:211:7)
    at addChunk (_stream_readable.js:263:12)
    at readableAddChunk (_stream_readable.js:250:11)
    at TLSSocket.Readable.push (_stream_readable.js:208:10)
    at TLSWrap.onread (net.js:601:20)
Error: Invalid login: 535 5.7.0 Authentication failed. Please, check your login and password
    at SMTPConnection._formatError (/home/alex/Documents/company-main-site/node_modules/smtp-connection/lib/smtp-connection.js:528:15)
    at SMTPConnection._actionAUTHComplete (/home/alex/Documents/company-main-site/node_modules/smtp-connection/lib/smtp-connection.js:1231:30)
    at SMTPConnection.<anonymous> (/home/alex/Documents/company-main-site/node_modules/smtp-connection/lib/smtp-connection.js:319:22)
    at SMTPConnection._processResponse (/home/alex/Documents/company-main-site/node_modules/smtp-connection/lib/smtp-connection.js:669:16)
    at SMTPConnection._onData (/home/alex/Documents/company-main-site/node_modules/smtp-connection/lib/smtp-connection.js:493:10)
    at emitOne (events.js:116:13)
    at TLSSocket.emit (events.js:211:7)
    at addChunk (_stream_readable.js:263:12)
    at readableAddChunk (_stream_readable.js:250:11)
    at TLSSocket.Readable.push (_stream_readable.js:208:10)
    at TLSWrap.onread (net.js:601:20)
Error: Invalid login: 535 5.7.0 Authentication failed. Please, check your login and password
    at SMTPConnection._formatError (/home/alex/Documents/company-main-site/node_modules/smtp-connection/lib/smtp-connection.js:528:15)
    at SMTPConnection._actionAUTHComplete (/home/alex/Documents/company-main-site/node_modules/smtp-connection/lib/smtp-connection.js:1231:30)
    at SMTPConnection.<anonymous> (/home/alex/Documents/company-main-site/node_modules/smtp-connection/lib/smtp-connection.js:319:22)
    at SMTPConnection._processResponse (/home/alex/Documents/company-main-site/node_modules/smtp-connection/lib/smtp-connection.js:669:16)
    at SMTPConnection._onData (/home/alex/Documents/company-main-site/node_modules/smtp-connection/lib/smtp-connection.js:493:10)
    at emitOne (events.js:116:13)
    at TLSSocket.emit (events.js:211:7)
    at addChunk (_stream_readable.js:263:12)
    at readableAddChunk (_stream_readable.js:250:11)
    at TLSSocket.Readable.push (_stream_readable.js:208:10)
    at TLSWrap.onread (net.js:601:20)
Error: Invalid login: 535 5.7.0 Authentication failed. Please, check your login and password
    at SMTPConnection._formatError (/home/alex/Documents/company-main-site/node_modules/smtp-connection/lib/smtp-connection.js:528:15)
    at SMTPConnection._actionAUTHComplete (/home/alex/Documents/company-main-site/node_modules/smtp-connection/lib/smtp-connection.js:1231:30)
    at SMTPConnection.<anonymous> (/home/alex/Documents/company-main-site/node_modules/smtp-connection/lib/smtp-connection.js:319:22)
    at SMTPConnection._processResponse (/home/alex/Documents/company-main-site/node_modules/smtp-connection/lib/smtp-connection.js:669:16)
    at SMTPConnection._onData (/home/alex/Documents/company-main-site/node_modules/smtp-connection/lib/smtp-connection.js:493:10)
    at emitOne (events.js:116:13)
    at TLSSocket.emit (events.js:211:7)
    at addChunk (_stream_readable.js:263:12)
    at readableAddChunk (_stream_readable.js:250:11)
    at TLSSocket.Readable.push (_stream_readable.js:208:10)
    at TLSWrap.onread (net.js:601:20)
Error: Invalid login: 535 5.7.0 Authentication failed. Please, check your login and password
    at SMTPConnection._formatError (/home/alex/Documents/company-main-site/node_modules/smtp-connection/lib/smtp-connection.js:528:15)
    at SMTPConnection._actionAUTHComplete (/home/alex/Documents/company-main-site/node_modules/smtp-connection/lib/smtp-connection.js:1231:30)
    at SMTPConnection.<anonymous> (/home/alex/Documents/company-main-site/node_modules/smtp-connection/lib/smtp-connection.js:319:22)
    at SMTPConnection._processResponse (/home/alex/Documents/company-main-site/node_modules/smtp-connection/lib/smtp-connection.js:669:16)
    at SMTPConnection._onData (/home/alex/Documents/company-main-site/node_modules/smtp-connection/lib/smtp-connection.js:493:10)
    at emitOne (events.js:116:13)
    at TLSSocket.emit (events.js:211:7)
    at addChunk (_stream_readable.js:263:12)
    at readableAddChunk (_stream_readable.js:250:11)
    at TLSSocket.Readable.push (_stream_readable.js:208:10)
    at TLSWrap.onread (net.js:601:20)
Error: connect ECONNREFUSED 127.0.0.1:25
    at TCPConnectWrap.afterConnect [as oncomplete] (net.js:1191:14)
Error: Invalid login: 535 Incorrect authentication data
    at SMTPConnection._formatError (/home/alex/Documents/company-main-site/node_modules/smtp-connection/lib/smtp-connection.js:528:15)
    at SMTPConnection._actionAUTHComplete (/home/alex/Documents/company-main-site/node_modules/smtp-connection/lib/smtp-connection.js:1231:30)
    at SMTPConnection.<anonymous> (/home/alex/Documents/company-main-site/node_modules/smtp-connection/lib/smtp-connection.js:319:22)
    at SMTPConnection._processResponse (/home/alex/Documents/company-main-site/node_modules/smtp-connection/lib/smtp-connection.js:669:16)
    at SMTPConnection._onData (/home/alex/Documents/company-main-site/node_modules/smtp-connection/lib/smtp-connection.js:493:10)
    at emitOne (events.js:116:13)
    at TLSSocket.emit (events.js:211:7)
    at addChunk (_stream_readable.js:263:12)
    at readableAddChunk (_stream_readable.js:250:11)
    at TLSSocket.Readable.push (_stream_readable.js:208:10)
    at TLSWrap.onread (net.js:601:20)
Error: Invalid login: 535 Incorrect authentication data
    at SMTPConnection._formatError (/home/alex/Documents/company-main-site/node_modules/smtp-connection/lib/smtp-connection.js:528:15)
    at SMTPConnection._actionAUTHComplete (/home/alex/Documents/company-main-site/node_modules/smtp-connection/lib/smtp-connection.js:1231:30)
    at SMTPConnection.<anonymous> (/home/alex/Documents/company-main-site/node_modules/smtp-connection/lib/smtp-connection.js:319:22)
    at SMTPConnection._processResponse (/home/alex/Documents/company-main-site/node_modules/smtp-connection/lib/smtp-connection.js:669:16)
    at SMTPConnection._onData (/home/alex/Documents/company-main-site/node_modules/smtp-connection/lib/smtp-connection.js:493:10)
    at emitOne (events.js:116:13)
    at TLSSocket.emit (events.js:211:7)
    at addChunk (_stream_readable.js:263:12)
    at readableAddChunk (_stream_readable.js:250:11)
    at TLSSocket.Readable.push (_stream_readable.js:208:10)
    at TLSWrap.onread (net.js:601:20)
Error: Invalid login: 534-5.7.14 <https://accounts.google.com/signin/continue?sarp=1&scc=1&plt=AKgnsbvW
534-5.7.14 -PRQIIxXzUL28WC5gHyCYavNU4zC7WJg31gWbeVJYta9iuH-cbqFkr99THII_I62dVYcgQ
534-5.7.14 U-1V4k9fpOQOJx45F0fTHBjuIzfT-4hsp7brAjDv-ahzfBdKS4R8yDj7irg4eS4Pi_AKbD
534-5.7.14 qW6zWC0QADhyNN4lbdlxf8bR2uKjz7yYbf4-od8pM2MuvybKjKHg6uZ_> Please log
534-5.7.14 in via your web browser and then try again.
534-5.7.14  Learn more at
534 5.7.14  https://support.google.com/mail/answer/78754 j14sm3948417lji.32 - gsmtp
534-5.7.14 -PRQIIxXzUL28WC5gHyCYavNU4zC7WJg31gWbeVJYta9iuH-cbqFkr99THII_I62dVYcgQ
534-5.7.14 U-1V4k9fpOQOJx45F0fTHBjuIzfT-4hsp7brAjDv-ahzfBdKS4R8yDj7irg4eS4Pi_AKbD
534-5.7.14 qW6zWC0QADhyNN4lbdlxf8bR2uKjz7yYbf4-od8pM2MuvybKjKHg6uZ_> Please log
534-5.7.14 in via your web browser and then try again.
534-5.7.14  Learn more at
534 5.7.14  https://support.google.com/mail/answer/78754 j14sm3948417lji.32 - gsmtp
    at SMTPConnection._formatError (/home/alex/Documents/company-main-site/node_modules/smtp-connection/lib/smtp-connection.js:528:15)
    at SMTPConnection._actionAUTHComplete (/home/alex/Documents/company-main-site/node_modules/smtp-connection/lib/smtp-connection.js:1231:30)
    at SMTPConnection.<anonymous> (/home/alex/Documents/company-main-site/node_modules/smtp-connection/lib/smtp-connection.js:319:22)
    at SMTPConnection._processResponse (/home/alex/Documents/company-main-site/node_modules/smtp-connection/lib/smtp-connection.js:669:16)
    at SMTPConnection._onData (/home/alex/Documents/company-main-site/node_modules/smtp-connection/lib/smtp-connection.js:493:10)
    at emitOne (events.js:116:13)
    at TLSSocket.emit (events.js:211:7)
    at addChunk (_stream_readable.js:263:12)
    at readableAddChunk (_stream_readable.js:250:11)
    at TLSSocket.Readable.push (_stream_readable.js:208:10)
    at TLSWrap.onread (net.js:601:20)
